mode: set
github.com/kstenerud/go-concise-encoding/iterator_complex.go:35.64,37.2 1 1
github.com/kstenerud/go-concise-encoding/iterator_complex.go:39.57,40.2 0 1
github.com/kstenerud/go-concise-encoding/iterator_complex.go:42.91,46.2 1 0
github.com/kstenerud/go-concise-encoding/iterator_complex.go:48.57,49.15 1 0
github.com/kstenerud/go-concise-encoding/iterator_complex.go:49.15,51.3 1 0
github.com/kstenerud/go-concise-encoding/iterator_complex.go:51.8,55.3 3 0
github.com/kstenerud/go-concise-encoding/iterator_complex.go:68.62,70.2 1 1
github.com/kstenerud/go-concise-encoding/iterator_complex.go:72.54,74.2 1 1
github.com/kstenerud/go-concise-encoding/iterator_complex.go:76.89,82.2 1 0
github.com/kstenerud/go-concise-encoding/iterator_complex.go:84.55,85.15 1 0
github.com/kstenerud/go-concise-encoding/iterator_complex.go:89.2,89.31 1 0
github.com/kstenerud/go-concise-encoding/iterator_complex.go:92.2,92.33 1 0
github.com/kstenerud/go-concise-encoding/iterator_complex.go:85.15,88.3 2 0
github.com/kstenerud/go-concise-encoding/iterator_complex.go:89.31,91.3 1 0
github.com/kstenerud/go-concise-encoding/iterator_complex.go:103.45,105.2 1 0
github.com/kstenerud/go-concise-encoding/iterator_complex.go:107.58,108.2 0 0
github.com/kstenerud/go-concise-encoding/iterator_complex.go:110.92,112.2 1 0
github.com/kstenerud/go-concise-encoding/iterator_complex.go:114.58,115.17 1 0
github.com/kstenerud/go-concise-encoding/iterator_complex.go:115.17,117.3 1 0
github.com/kstenerud/go-concise-encoding/iterator_complex.go:117.8,120.32 3 0
github.com/kstenerud/go-concise-encoding/iterator_complex.go:123.3,123.45 1 0
github.com/kstenerud/go-concise-encoding/iterator_complex.go:120.32,122.4 1 0
github.com/kstenerud/go-concise-encoding/iterator_complex.go:135.42,137.2 1 0
github.com/kstenerud/go-concise-encoding/iterator_complex.go:139.55,140.2 0 0
github.com/kstenerud/go-concise-encoding/iterator_complex.go:142.89,144.2 1 0
github.com/kstenerud/go-concise-encoding/iterator_complex.go:146.55,148.2 1 0
github.com/kstenerud/go-concise-encoding/iterator_complex.go:160.60,164.2 1 1
github.com/kstenerud/go-concise-encoding/iterator_complex.go:166.52,168.2 1 1
github.com/kstenerud/go-concise-encoding/iterator_complex.go:170.87,176.2 1 0
github.com/kstenerud/go-concise-encoding/iterator_complex.go:178.53,179.15 1 0
github.com/kstenerud/go-concise-encoding/iterator_complex.go:183.2,183.31 1 0
github.com/kstenerud/go-concise-encoding/iterator_complex.go:187.2,189.30 3 0
github.com/kstenerud/go-concise-encoding/iterator_complex.go:192.2,192.33 1 0
github.com/kstenerud/go-concise-encoding/iterator_complex.go:179.15,182.3 2 0
github.com/kstenerud/go-concise-encoding/iterator_complex.go:183.31,185.3 1 0
github.com/kstenerud/go-concise-encoding/iterator_complex.go:189.30,191.3 1 0
github.com/kstenerud/go-concise-encoding/iterator_complex.go:205.60,209.2 1 0
github.com/kstenerud/go-concise-encoding/iterator_complex.go:211.52,213.2 1 0
github.com/kstenerud/go-concise-encoding/iterator_complex.go:215.87,221.2 1 0
github.com/kstenerud/go-concise-encoding/iterator_complex.go:223.53,226.30 3 0
github.com/kstenerud/go-concise-encoding/iterator_complex.go:229.2,229.33 1 0
github.com/kstenerud/go-concise-encoding/iterator_complex.go:226.30,228.3 1 0
github.com/kstenerud/go-concise-encoding/iterator_complex.go:243.58,247.2 1 1
github.com/kstenerud/go-concise-encoding/iterator_complex.go:249.50,252.2 2 1
github.com/kstenerud/go-concise-encoding/iterator_complex.go:254.85,261.2 1 0
github.com/kstenerud/go-concise-encoding/iterator_complex.go:263.51,264.15 1 0
github.com/kstenerud/go-concise-encoding/iterator_complex.go:268.2,268.31 1 0
github.com/kstenerud/go-concise-encoding/iterator_complex.go:272.2,275.18 3 0
github.com/kstenerud/go-concise-encoding/iterator_complex.go:280.2,280.33 1 0
github.com/kstenerud/go-concise-encoding/iterator_complex.go:264.15,267.3 2 0
github.com/kstenerud/go-concise-encoding/iterator_complex.go:268.31,270.3 1 0
github.com/kstenerud/go-concise-encoding/iterator_complex.go:275.18,278.3 2 0
github.com/kstenerud/go-concise-encoding/iterator_complex.go:293.99,299.2 1 0
github.com/kstenerud/go-concise-encoding/iterator_complex.go:307.61,311.2 1 0
github.com/kstenerud/go-concise-encoding/iterator_complex.go:313.53,314.47 1 0
github.com/kstenerud/go-concise-encoding/iterator_complex.go:314.47,316.34 2 0
github.com/kstenerud/go-concise-encoding/iterator_complex.go:316.34,323.4 2 0
github.com/kstenerud/go-concise-encoding/iterator_complex.go:327.88,333.43 3 0
github.com/kstenerud/go-concise-encoding/iterator_complex.go:336.2,336.13 1 0
github.com/kstenerud/go-concise-encoding/iterator_complex.go:333.43,335.3 1 0
github.com/kstenerud/go-concise-encoding/iterator_complex.go:339.54,342.43 2 0
github.com/kstenerud/go-concise-encoding/iterator_complex.go:347.2,347.33 1 0
github.com/kstenerud/go-concise-encoding/iterator_complex.go:342.43,345.3 2 0
github.com/kstenerud/go-concise-encoding/builder_ignore.go:41.39,43.2 1 0
github.com/kstenerud/go-concise-encoding/builder_ignore.go:45.52,46.2 0 0
github.com/kstenerud/go-concise-encoding/builder_ignore.go:48.101,53.2 1 0
github.com/kstenerud/go-concise-encoding/builder_ignore.go:55.60,57.2 1 0
github.com/kstenerud/go-concise-encoding/builder_ignore.go:59.73,61.2 1 0
github.com/kstenerud/go-concise-encoding/builder_ignore.go:63.73,65.2 1 0
github.com/kstenerud/go-concise-encoding/builder_ignore.go:67.75,69.2 1 0
github.com/kstenerud/go-concise-encoding/builder_ignore.go:71.79,73.2 1 0
github.com/kstenerud/go-concise-encoding/builder_ignore.go:75.77,77.2 1 0
github.com/kstenerud/go-concise-encoding/builder_ignore.go:79.83,81.2 1 0
github.com/kstenerud/go-concise-encoding/builder_ignore.go:83.97,85.2 1 0
github.com/kstenerud/go-concise-encoding/builder_ignore.go:87.92,89.2 1 0
github.com/kstenerud/go-concise-encoding/builder_ignore.go:91.75,93.2 1 0
github.com/kstenerud/go-concise-encoding/builder_ignore.go:95.77,97.2 1 0
github.com/kstenerud/go-concise-encoding/builder_ignore.go:99.76,101.2 1 0
github.com/kstenerud/go-concise-encoding/builder_ignore.go:103.76,105.2 1 0
github.com/kstenerud/go-concise-encoding/builder_ignore.go:107.78,109.2 1 0
github.com/kstenerud/go-concise-encoding/builder_ignore.go:111.45,115.2 3 0
github.com/kstenerud/go-concise-encoding/builder_ignore.go:117.44,121.2 3 0
github.com/kstenerud/go-concise-encoding/builder_ignore.go:123.48,125.2 1 0
github.com/kstenerud/go-concise-encoding/builder_ignore.go:127.60,128.37 1 0
github.com/kstenerud/go-concise-encoding/builder_ignore.go:131.63,132.40 1 0
github.com/kstenerud/go-concise-encoding/builder_ignore.go:135.53,137.2 1 0
github.com/kstenerud/go-concise-encoding/builder_ignore.go:139.52,141.2 1 0
github.com/kstenerud/go-concise-encoding/builder_ignore.go:143.78,145.2 1 0
github.com/kstenerud/go-concise-encoding/builder_ignore.go:157.48,159.2 1 0
github.com/kstenerud/go-concise-encoding/builder_ignore.go:161.61,162.2 0 0
github.com/kstenerud/go-concise-encoding/builder_ignore.go:164.110,169.2 1 0
github.com/kstenerud/go-concise-encoding/builder_ignore.go:171.70,172.2 0 0
github.com/kstenerud/go-concise-encoding/builder_ignore.go:174.83,175.2 0 0
github.com/kstenerud/go-concise-encoding/builder_ignore.go:177.83,178.2 0 0
github.com/kstenerud/go-concise-encoding/builder_ignore.go:180.85,181.2 0 0
github.com/kstenerud/go-concise-encoding/builder_ignore.go:183.89,184.2 0 0
github.com/kstenerud/go-concise-encoding/builder_ignore.go:186.87,187.2 0 0
github.com/kstenerud/go-concise-encoding/builder_ignore.go:189.93,190.2 0 0
github.com/kstenerud/go-concise-encoding/builder_ignore.go:192.107,193.2 0 0
github.com/kstenerud/go-concise-encoding/builder_ignore.go:195.102,196.2 0 0
github.com/kstenerud/go-concise-encoding/builder_ignore.go:198.85,199.2 0 0
github.com/kstenerud/go-concise-encoding/builder_ignore.go:201.87,202.2 0 0
github.com/kstenerud/go-concise-encoding/builder_ignore.go:204.86,205.2 0 0
github.com/kstenerud/go-concise-encoding/builder_ignore.go:207.86,208.2 0 0
github.com/kstenerud/go-concise-encoding/builder_ignore.go:210.88,211.2 0 0
github.com/kstenerud/go-concise-encoding/builder_ignore.go:213.54,217.2 3 0
github.com/kstenerud/go-concise-encoding/builder_ignore.go:219.53,223.2 3 0
github.com/kstenerud/go-concise-encoding/builder_ignore.go:225.57,227.2 1 0
github.com/kstenerud/go-concise-encoding/builder_ignore.go:229.69,230.46 1 0
github.com/kstenerud/go-concise-encoding/builder_ignore.go:233.72,234.49 1 0
github.com/kstenerud/go-concise-encoding/builder_ignore.go:237.62,239.2 1 0
github.com/kstenerud/go-concise-encoding/builder_ignore.go:241.61,243.2 1 0
github.com/kstenerud/go-concise-encoding/builder_ignore.go:245.88,246.2 0 0
github.com/kstenerud/go-concise-encoding/cbe_encoder.go:39.34,41.2 1 0
github.com/kstenerud/go-concise-encoding/cbe_encoder.go:43.43,45.2 1 0
github.com/kstenerud/go-concise-encoding/cbe_encoder.go:47.46,49.29 2 0
github.com/kstenerud/go-concise-encoding/cbe_encoder.go:49.29,51.3 1 0
github.com/kstenerud/go-concise-encoding/cbe_encoder.go:54.51,56.2 1 0
github.com/kstenerud/go-concise-encoding/cbe_encoder.go:58.33,60.2 1 0
github.com/kstenerud/go-concise-encoding/cbe_encoder.go:62.44,63.11 1 0
github.com/kstenerud/go-concise-encoding/cbe_encoder.go:63.11,65.3 1 0
github.com/kstenerud/go-concise-encoding/cbe_encoder.go:65.8,67.3 1 0
github.com/kstenerud/go-concise-encoding/cbe_encoder.go:70.34,72.2 1 0
github.com/kstenerud/go-concise-encoding/cbe_encoder.go:74.35,76.2 1 0
github.com/kstenerud/go-concise-encoding/cbe_encoder.go:78.44,79.16 1 0
github.com/kstenerud/go-concise-encoding/cbe_encoder.go:79.16,81.3 1 0
github.com/kstenerud/go-concise-encoding/cbe_encoder.go:81.8,83.3 1 0
github.com/kstenerud/go-concise-encoding/cbe_encoder.go:86.53,87.9 1 0
github.com/kstenerud/go-concise-encoding/cbe_encoder.go:88.29,89.43 1 0
github.com/kstenerud/go-concise-encoding/cbe_encoder.go:90.26,91.54 1 0
github.com/kstenerud/go-concise-encoding/cbe_encoder.go:92.27,93.57 1 0
github.com/kstenerud/go-concise-encoding/cbe_encoder.go:94.27,95.40 1 0
github.com/kstenerud/go-concise-encoding/cbe_encoder.go:96.27,97.57 1 0
github.com/kstenerud/go-concise-encoding/cbe_encoder.go:98.27,99.40 1 0
github.com/kstenerud/go-concise-encoding/cbe_encoder.go:100.10,101.49 1 0
github.com/kstenerud/go-concise-encoding/cbe_encoder.go:105.53,106.9 1 0
github.com/kstenerud/go-concise-encoding/cbe_encoder.go:107.29,109.51 1 0
github.com/kstenerud/go-concise-encoding/cbe_encoder.go:110.26,111.54 1 0
github.com/kstenerud/go-concise-encoding/cbe_encoder.go:112.27,113.57 1 0
github.com/kstenerud/go-concise-encoding/cbe_encoder.go:114.27,115.40 1 0
github.com/kstenerud/go-concise-encoding/cbe_encoder.go:116.27,117.57 1 0
github.com/kstenerud/go-concise-encoding/cbe_encoder.go:118.27,119.40 1 0
github.com/kstenerud/go-concise-encoding/cbe_encoder.go:120.10,121.49 1 0
github.com/kstenerud/go-concise-encoding/cbe_encoder.go:125.50,126.29 1 0
github.com/kstenerud/go-concise-encoding/cbe_encoder.go:126.29,128.3 1 0
github.com/kstenerud/go-concise-encoding/cbe_encoder.go:128.8,130.3 1 0
github.com/kstenerud/go-concise-encoding/cbe_encoder.go:133.48,134.26 1 0
github.com/kstenerud/go-concise-encoding/cbe_encoder.go:143.2,143.23 1 0
github.com/kstenerud/go-concise-encoding/cbe_encoder.go:148.2,148.16 1 0
github.com/kstenerud/go-concise-encoding/cbe_encoder.go:157.2,158.33 2 0
github.com/kstenerud/go-concise-encoding/cbe_encoder.go:163.2,163.27 1 0
github.com/kstenerud/go-concise-encoding/cbe_encoder.go:134.26,136.16 2 0
github.com/kstenerud/go-concise-encoding/cbe_encoder.go:139.3,140.9 2 0
github.com/kstenerud/go-concise-encoding/cbe_encoder.go:136.16,138.4 1 0
github.com/kstenerud/go-concise-encoding/cbe_encoder.go:143.23,146.3 2 0
github.com/kstenerud/go-concise-encoding/cbe_encoder.go:148.16,150.52 2 0
github.com/kstenerud/go-concise-encoding/cbe_encoder.go:153.3,154.9 2 0
github.com/kstenerud/go-concise-encoding/cbe_encoder.go:150.52,152.4 1 0
github.com/kstenerud/go-concise-encoding/cbe_encoder.go:158.33,161.3 2 0
github.com/kstenerud/go-concise-encoding/cbe_encoder.go:166.54,168.16 2 0
github.com/kstenerud/go-concise-encoding/cbe_encoder.go:171.2,171.27 1 0
github.com/kstenerud/go-concise-encoding/cbe_encoder.go:168.16,169.66 1 0
github.com/kstenerud/go-concise-encoding/cbe_encoder.go:174.68,176.2 1 0
github.com/kstenerud/go-concise-encoding/cbe_encoder.go:178.63,180.2 1 0
github.com/kstenerud/go-concise-encoding/cbe_encoder.go:182.47,184.2 1 0
github.com/kstenerud/go-concise-encoding/cbe_encoder.go:186.46,191.2 4 0
github.com/kstenerud/go-concise-encoding/cbe_encoder.go:193.53,194.37 1 0
github.com/kstenerud/go-concise-encoding/cbe_encoder.go:197.49,199.2 1 0
github.com/kstenerud/go-concise-encoding/cbe_encoder.go:201.65,203.22 2 0
github.com/kstenerud/go-concise-encoding/cbe_encoder.go:211.2,215.44 5 0
github.com/kstenerud/go-concise-encoding/cbe_encoder.go:204.29,205.25 1 0
github.com/kstenerud/go-concise-encoding/cbe_encoder.go:206.29,207.25 1 0
github.com/kstenerud/go-concise-encoding/cbe_encoder.go:208.34,209.30 1 0
github.com/kstenerud/go-concise-encoding/cbe_encoder.go:218.47,220.2 1 0
github.com/kstenerud/go-concise-encoding/cbe_encoder.go:222.45,224.2 1 0
github.com/kstenerud/go-concise-encoding/cbe_encoder.go:226.48,230.41 3 0
github.com/kstenerud/go-concise-encoding/cbe_encoder.go:235.2,238.18 4 0
github.com/kstenerud/go-concise-encoding/cbe_encoder.go:230.41,233.3 2 0
github.com/kstenerud/go-concise-encoding/cbe_encoder.go:241.48,243.2 1 0
github.com/kstenerud/go-concise-encoding/cbe_encoder.go:245.40,247.2 1 0
github.com/kstenerud/go-concise-encoding/cbe_encoder.go:249.41,251.2 1 0
github.com/kstenerud/go-concise-encoding/cbe_encoder.go:253.38,255.2 1 0
github.com/kstenerud/go-concise-encoding/cbe_encoder.go:257.41,259.2 1 0
github.com/kstenerud/go-concise-encoding/cbe_encoder.go:261.72,263.18 2 0
github.com/kstenerud/go-concise-encoding/cbe_encoder.go:266.2,266.58 1 0
github.com/kstenerud/go-concise-encoding/cbe_encoder.go:263.18,265.3 1 0
github.com/kstenerud/go-concise-encoding/cbe_encoder.go:269.50,272.2 2 0
github.com/kstenerud/go-concise-encoding/cbe_encoder.go:274.34,276.2 1 0
github.com/kstenerud/go-concise-encoding/cbe_encoder.go:278.33,280.2 1 0
github.com/kstenerud/go-concise-encoding/cbe_encoder.go:282.36,284.2 1 0
github.com/kstenerud/go-concise-encoding/cbe_encoder.go:286.38,288.2 1 0
github.com/kstenerud/go-concise-encoding/cbe_encoder.go:290.37,292.2 1 0
github.com/kstenerud/go-concise-encoding/cbe_encoder.go:294.33,296.2 1 0
github.com/kstenerud/go-concise-encoding/cbe_encoder.go:298.36,300.2 1 0
github.com/kstenerud/go-concise-encoding/cbe_encoder.go:302.39,304.2 1 0
github.com/kstenerud/go-concise-encoding/cbe_encoder.go:306.42,307.2 0 0
github.com/kstenerud/go-concise-encoding/cbe_encoder.go:319.40,321.2 1 0
github.com/kstenerud/go-concise-encoding/cbe_encoder.go:323.37,325.2 1 0
github.com/kstenerud/go-concise-encoding/cbe_encoder.go:327.38,329.2 1 0
github.com/kstenerud/go-concise-encoding/cbe_encoder.go:331.38,333.2 1 0
github.com/kstenerud/go-concise-encoding/cbe_encoder.go:335.38,337.2 1 0
github.com/kstenerud/go-concise-encoding/cbe_encoder.go:339.38,341.2 1 0
github.com/kstenerud/go-concise-encoding/cbe_encoder.go:343.55,345.2 1 0
github.com/kstenerud/go-concise-encoding/cbe_encoder.go:347.60,349.2 1 0
github.com/kstenerud/go-concise-encoding/cbe_encoder.go:351.50,355.2 3 0
github.com/kstenerud/go-concise-encoding/cbe_encoder.go:357.77,363.2 5 0
github.com/kstenerud/go-concise-encoding/cbe_encoder.go:365.81,366.18 1 0
github.com/kstenerud/go-concise-encoding/cbe_encoder.go:370.2,374.44 5 0
github.com/kstenerud/go-concise-encoding/cbe_encoder.go:366.18,369.3 2 0
github.com/kstenerud/go-concise-encoding/cbe_encoder.go:377.78,387.2 9 0
github.com/kstenerud/go-concise-encoding/cbe_encoder.go:389.78,393.2 3 0
github.com/kstenerud/go-concise-encoding/cbe_encoder.go:395.81,400.2 4 0
github.com/kstenerud/go-concise-encoding/cbe_encoder.go:402.81,409.2 6 0
github.com/kstenerud/go-concise-encoding/cbe_encoder.go:411.81,422.2 10 0
github.com/kstenerud/go-concise-encoding/cbe_encoder.go:424.74,426.2 1 0
github.com/kstenerud/go-concise-encoding/cbe_encoder.go:428.54,430.2 1 0
github.com/kstenerud/go-concise-encoding/cbe_encoder.go:432.54,434.2 1 0
github.com/kstenerud/go-concise-encoding/cbe_encoder.go:436.72,442.2 5 0
github.com/kstenerud/go-concise-encoding/cbe_encoder.go:444.67,450.2 5 0
github.com/kstenerud/go-concise-encoding/cbe_encoder.go:452.46,458.14 6 0
github.com/kstenerud/go-concise-encoding/cbe_encoder.go:463.2,463.44 1 0
github.com/kstenerud/go-concise-encoding/cbe_encoder.go:458.14,460.3 1 0
github.com/kstenerud/go-concise-encoding/cbe_encoder.go:460.8,462.3 1 0
github.com/kstenerud/go-concise-encoding/cbe_encoder.go:466.50,472.14 6 0
github.com/kstenerud/go-concise-encoding/cbe_encoder.go:477.2,477.44 1 0
github.com/kstenerud/go-concise-encoding/cbe_encoder.go:472.14,474.3 1 0
github.com/kstenerud/go-concise-encoding/cbe_encoder.go:474.8,476.3 1 0
github.com/kstenerud/go-concise-encoding/cbe_encoder.go:480.51,486.15 6 0
github.com/kstenerud/go-concise-encoding/cbe_encoder.go:491.2,491.44 1 0
github.com/kstenerud/go-concise-encoding/cbe_encoder.go:486.15,488.3 1 0
github.com/kstenerud/go-concise-encoding/cbe_encoder.go:488.8,490.3 1 0
github.com/kstenerud/go-concise-encoding/builder_array.go:49.58,53.2 1 0
github.com/kstenerud/go-concise-encoding/builder_array.go:55.50,57.2 1 0
github.com/kstenerud/go-concise-encoding/builder_array.go:59.100,68.2 4 0
github.com/kstenerud/go-concise-encoding/builder_array.go:70.35,73.2 2 0
github.com/kstenerud/go-concise-encoding/builder_array.go:75.55,77.2 1 0
github.com/kstenerud/go-concise-encoding/builder_array.go:79.63,82.2 2 0
github.com/kstenerud/go-concise-encoding/builder_array.go:84.76,87.2 2 0
github.com/kstenerud/go-concise-encoding/builder_array.go:89.76,92.2 2 0
github.com/kstenerud/go-concise-encoding/builder_array.go:94.78,97.2 2 0
github.com/kstenerud/go-concise-encoding/builder_array.go:99.82,102.2 2 0
github.com/kstenerud/go-concise-encoding/builder_array.go:104.80,107.2 2 0
github.com/kstenerud/go-concise-encoding/builder_array.go:109.86,112.2 2 0
github.com/kstenerud/go-concise-encoding/builder_array.go:114.100,117.2 2 0
github.com/kstenerud/go-concise-encoding/builder_array.go:119.95,122.2 2 0
github.com/kstenerud/go-concise-encoding/builder_array.go:124.78,127.2 2 0
github.com/kstenerud/go-concise-encoding/builder_array.go:129.80,132.2 2 0
github.com/kstenerud/go-concise-encoding/builder_array.go:134.75,136.34 1 0
github.com/kstenerud/go-concise-encoding/builder_array.go:136.34,139.3 2 0
github.com/kstenerud/go-concise-encoding/builder_array.go:142.79,145.2 2 0
github.com/kstenerud/go-concise-encoding/builder_array.go:147.81,150.2 2 0
github.com/kstenerud/go-concise-encoding/builder_array.go:152.44,154.2 1 0
github.com/kstenerud/go-concise-encoding/builder_array.go:156.43,158.2 1 0
github.com/kstenerud/go-concise-encoding/builder_array.go:160.47,164.2 3 0
github.com/kstenerud/go-concise-encoding/builder_array.go:166.59,167.45 1 0
github.com/kstenerud/go-concise-encoding/builder_array.go:170.62,171.48 1 0
github.com/kstenerud/go-concise-encoding/builder_array.go:174.52,176.2 1 0
github.com/kstenerud/go-concise-encoding/builder_array.go:178.51,180.2 1 0
github.com/kstenerud/go-concise-encoding/builder_array.go:182.77,186.2 3 0
github.com/kstenerud/go-concise-encoding/builder_dec_float.go:36.39,38.2 1 1
github.com/kstenerud/go-concise-encoding/builder_dec_float.go:40.52,41.2 0 1
github.com/kstenerud/go-concise-encoding/builder_dec_float.go:43.101,45.2 1 0
github.com/kstenerud/go-concise-encoding/builder_dec_float.go:47.60,49.2 1 0
github.com/kstenerud/go-concise-encoding/builder_dec_float.go:51.73,53.2 1 0
github.com/kstenerud/go-concise-encoding/builder_dec_float.go:55.73,57.2 1 0
github.com/kstenerud/go-concise-encoding/builder_dec_float.go:59.75,61.2 1 0
github.com/kstenerud/go-concise-encoding/builder_dec_float.go:63.79,65.2 1 0
github.com/kstenerud/go-concise-encoding/builder_dec_float.go:67.77,69.2 1 0
github.com/kstenerud/go-concise-encoding/builder_dec_float.go:71.83,73.2 1 0
github.com/kstenerud/go-concise-encoding/builder_dec_float.go:75.97,77.2 1 0
github.com/kstenerud/go-concise-encoding/builder_dec_float.go:79.92,81.2 1 0
github.com/kstenerud/go-concise-encoding/builder_dec_float.go:83.75,85.2 1 0
github.com/kstenerud/go-concise-encoding/builder_dec_float.go:87.77,89.2 1 0
github.com/kstenerud/go-concise-encoding/builder_dec_float.go:91.76,93.2 1 0
github.com/kstenerud/go-concise-encoding/builder_dec_float.go:95.76,97.2 1 0
github.com/kstenerud/go-concise-encoding/builder_dec_float.go:99.78,101.2 1 0
github.com/kstenerud/go-concise-encoding/builder_dec_float.go:103.45,105.2 1 0
github.com/kstenerud/go-concise-encoding/builder_dec_float.go:107.44,109.2 1 0
github.com/kstenerud/go-concise-encoding/builder_dec_float.go:111.48,113.2 1 0
github.com/kstenerud/go-concise-encoding/builder_dec_float.go:115.60,116.37 1 0
github.com/kstenerud/go-concise-encoding/builder_dec_float.go:119.63,120.40 1 0
github.com/kstenerud/go-concise-encoding/builder_dec_float.go:123.54,124.2 0 0
github.com/kstenerud/go-concise-encoding/builder_dec_float.go:126.53,127.2 0 0
github.com/kstenerud/go-concise-encoding/builder_dec_float.go:129.78,131.2 1 0
github.com/kstenerud/go-concise-encoding/builder_float.go:38.58,42.2 1 1
github.com/kstenerud/go-concise-encoding/builder_float.go:44.51,45.2 0 1
github.com/kstenerud/go-concise-encoding/builder_float.go:47.100,49.2 1 0
github.com/kstenerud/go-concise-encoding/builder_float.go:51.59,53.2 1 0
github.com/kstenerud/go-concise-encoding/builder_float.go:55.72,57.2 1 0
github.com/kstenerud/go-concise-encoding/builder_float.go:59.72,61.2 1 0
github.com/kstenerud/go-concise-encoding/builder_float.go:63.74,65.2 1 0
github.com/kstenerud/go-concise-encoding/builder_float.go:67.78,69.2 1 0
github.com/kstenerud/go-concise-encoding/builder_float.go:71.76,73.2 1 0
github.com/kstenerud/go-concise-encoding/builder_float.go:75.82,77.2 1 0
github.com/kstenerud/go-concise-encoding/builder_float.go:79.96,81.2 1 0
github.com/kstenerud/go-concise-encoding/builder_float.go:83.91,85.2 1 0
github.com/kstenerud/go-concise-encoding/builder_float.go:87.74,89.2 1 0
github.com/kstenerud/go-concise-encoding/builder_float.go:91.76,93.2 1 0
github.com/kstenerud/go-concise-encoding/builder_float.go:95.75,97.2 1 0
github.com/kstenerud/go-concise-encoding/builder_float.go:99.75,101.2 1 0
github.com/kstenerud/go-concise-encoding/builder_float.go:103.77,105.2 1 0
github.com/kstenerud/go-concise-encoding/builder_float.go:107.44,109.2 1 0
github.com/kstenerud/go-concise-encoding/builder_float.go:111.43,113.2 1 0
github.com/kstenerud/go-concise-encoding/builder_float.go:115.47,117.2 1 0
github.com/kstenerud/go-concise-encoding/builder_float.go:119.59,120.45 1 0
github.com/kstenerud/go-concise-encoding/builder_float.go:123.62,124.48 1 0
github.com/kstenerud/go-concise-encoding/builder_float.go:127.52,129.2 1 0
github.com/kstenerud/go-concise-encoding/builder_float.go:131.51,133.2 1 0
github.com/kstenerud/go-concise-encoding/builder_float.go:135.77,137.2 1 0
github.com/kstenerud/go-concise-encoding/builder_string.go:38.39,40.2 1 1
github.com/kstenerud/go-concise-encoding/builder_string.go:42.52,43.2 0 1
github.com/kstenerud/go-concise-encoding/builder_string.go:45.101,47.2 1 0
github.com/kstenerud/go-concise-encoding/builder_string.go:49.60,52.2 1 0
github.com/kstenerud/go-concise-encoding/builder_string.go:54.73,56.2 1 0
github.com/kstenerud/go-concise-encoding/builder_string.go:58.73,60.2 1 0
github.com/kstenerud/go-concise-encoding/builder_string.go:62.75,64.2 1 0
github.com/kstenerud/go-concise-encoding/builder_string.go:66.79,68.2 1 0
github.com/kstenerud/go-concise-encoding/builder_string.go:70.77,72.2 1 0
github.com/kstenerud/go-concise-encoding/builder_string.go:74.83,76.2 1 0
github.com/kstenerud/go-concise-encoding/builder_string.go:78.97,80.2 1 0
github.com/kstenerud/go-concise-encoding/builder_string.go:82.92,84.2 1 0
github.com/kstenerud/go-concise-encoding/builder_string.go:86.75,88.2 1 0
github.com/kstenerud/go-concise-encoding/builder_string.go:90.77,92.2 1 0
github.com/kstenerud/go-concise-encoding/builder_string.go:94.76,96.2 1 0
github.com/kstenerud/go-concise-encoding/builder_string.go:98.76,100.2 1 0
github.com/kstenerud/go-concise-encoding/builder_string.go:102.78,104.2 1 0
github.com/kstenerud/go-concise-encoding/builder_string.go:106.45,108.2 1 0
github.com/kstenerud/go-concise-encoding/builder_string.go:110.44,112.2 1 0
github.com/kstenerud/go-concise-encoding/builder_string.go:114.48,116.2 1 0
github.com/kstenerud/go-concise-encoding/builder_string.go:118.60,119.37 1 0
github.com/kstenerud/go-concise-encoding/builder_string.go:122.63,123.40 1 0
github.com/kstenerud/go-concise-encoding/builder_string.go:126.53,128.2 1 0
github.com/kstenerud/go-concise-encoding/builder_string.go:130.52,132.2 1 0
github.com/kstenerud/go-concise-encoding/builder_string.go:134.78,136.2 1 0
github.com/kstenerud/go-concise-encoding/common.go:85.40,88.2 2 0
github.com/kstenerud/go-concise-encoding/common.go:95.41,97.2 1 1
github.com/kstenerud/go-concise-encoding/common.go:103.44,105.2 1 0
github.com/kstenerud/go-concise-encoding/cte_decoder.go:35.78,36.15 1 0
github.com/kstenerud/go-concise-encoding/cte_decoder.go:42.2,44.8 3 0
github.com/kstenerud/go-concise-encoding/cte_decoder.go:36.15,37.31 1 0
github.com/kstenerud/go-concise-encoding/cte_decoder.go:37.31,39.4 1 0
github.com/kstenerud/go-concise-encoding/cte_decoder.go:57.82,61.2 3 0
github.com/kstenerud/go-concise-encoding/cte_decoder.go:63.80,67.2 3 0
github.com/kstenerud/go-concise-encoding/cte_decoder.go:69.46,78.30 4 0
github.com/kstenerud/go-concise-encoding/cte_decoder.go:81.2,82.8 2 0
github.com/kstenerud/go-concise-encoding/cte_decoder.go:78.30,80.3 1 0
github.com/kstenerud/go-concise-encoding/cte_decoder.go:89.54,91.2 1 0
github.com/kstenerud/go-concise-encoding/cte_decoder.go:93.56,95.2 1 0
github.com/kstenerud/go-concise-encoding/cte_decoder.go:97.44,98.28 1 0
github.com/kstenerud/go-concise-encoding/cte_decoder.go:101.2,101.38 1 0
github.com/kstenerud/go-concise-encoding/cte_decoder.go:98.28,100.3 1 0
github.com/kstenerud/go-concise-encoding/cte_decoder.go:104.48,105.28 1 0
github.com/kstenerud/go-concise-encoding/cte_decoder.go:108.2,110.8 3 0
github.com/kstenerud/go-concise-encoding/cte_decoder.go:105.28,107.3 1 0
github.com/kstenerud/go-concise-encoding/cte_decoder.go:113.39,115.2 1 0
github.com/kstenerud/go-concise-encoding/cte_decoder.go:117.47,119.55 2 0
github.com/kstenerud/go-concise-encoding/cte_decoder.go:121.2,121.19 1 0
github.com/kstenerud/go-concise-encoding/cte_decoder.go:119.56,120.3 0 0
github.com/kstenerud/go-concise-encoding/cte_decoder.go:124.68,126.74 2 0
github.com/kstenerud/go-concise-encoding/cte_decoder.go:128.2,128.19 1 0
github.com/kstenerud/go-concise-encoding/cte_decoder.go:126.75,127.3 0 0
github.com/kstenerud/go-concise-encoding/cte_decoder.go:131.68,133.73 2 0
github.com/kstenerud/go-concise-encoding/cte_decoder.go:135.2,135.19 1 0
github.com/kstenerud/go-concise-encoding/cte_decoder.go:133.74,134.3 0 0
github.com/kstenerud/go-concise-encoding/cte_decoder.go:138.58,141.74 2 0
github.com/kstenerud/go-concise-encoding/cte_decoder.go:144.2,144.10 1 0
github.com/kstenerud/go-concise-encoding/cte_decoder.go:141.74,143.3 1 0
github.com/kstenerud/go-concise-encoding/cte_decoder.go:147.56,150.74 2 0
github.com/kstenerud/go-concise-encoding/cte_decoder.go:153.2,153.10 1 0
github.com/kstenerud/go-concise-encoding/cte_decoder.go:150.74,152.3 1 0
github.com/kstenerud/go-concise-encoding/cte_decoder.go:156.37,158.2 1 0
github.com/kstenerud/go-concise-encoding/cte_decoder.go:159.36,161.2 1 0
github.com/kstenerud/go-concise-encoding/cte_decoder.go:163.48,165.2 1 0
github.com/kstenerud/go-concise-encoding/cte_decoder.go:169.36,171.2 1 0
github.com/kstenerud/go-concise-encoding/cte_decoder.go:173.37,176.2 2 0
github.com/kstenerud/go-concise-encoding/cte_decoder.go:180.66,183.2 2 0
github.com/kstenerud/go-concise-encoding/cte_decoder.go:185.44,189.2 3 0
github.com/kstenerud/go-concise-encoding/cte_decoder.go:191.63,193.2 1 0
github.com/kstenerud/go-concise-encoding/cte_decoder.go:195.49,197.2 1 0
github.com/kstenerud/go-concise-encoding/cte_decoder.go:201.40,202.28 1 0
github.com/kstenerud/go-concise-encoding/cte_decoder.go:202.28,204.3 1 0
github.com/kstenerud/go-concise-encoding/cte_decoder.go:207.60,208.56 1 0
github.com/kstenerud/go-concise-encoding/cte_decoder.go:208.56,210.3 1 0
github.com/kstenerud/go-concise-encoding/cte_decoder.go:213.41,215.2 1 0
github.com/kstenerud/go-concise-encoding/cte_decoder.go:217.80,220.29 3 0
github.com/kstenerud/go-concise-encoding/cte_decoder.go:227.2,228.37 2 0
github.com/kstenerud/go-concise-encoding/cte_decoder.go:235.2,236.89 2 0
github.com/kstenerud/go-concise-encoding/cte_decoder.go:237.2,237.30 1 0
github.com/kstenerud/go-concise-encoding/cte_decoder.go:220.29,221.31 1 0
github.com/kstenerud/go-concise-encoding/cte_decoder.go:221.31,224.4 2 0
github.com/kstenerud/go-concise-encoding/cte_decoder.go:228.37,230.27 2 0
github.com/kstenerud/go-concise-encoding/cte_decoder.go:230.27,232.4 1 0
github.com/kstenerud/go-concise-encoding/cte_decoder.go:240.68,242.2 1 0
github.com/kstenerud/go-concise-encoding/cte_decoder.go:244.70,246.2 1 0
github.com/kstenerud/go-concise-encoding/cte_decoder.go:248.57,250.2 1 0
github.com/kstenerud/go-concise-encoding/cte_decoder.go:252.58,253.25 1 0
github.com/kstenerud/go-concise-encoding/cte_decoder.go:257.2,259.27 3 0
github.com/kstenerud/go-concise-encoding/cte_decoder.go:263.2,264.25 2 0
github.com/kstenerud/go-concise-encoding/cte_decoder.go:267.2,267.14 1 0
github.com/kstenerud/go-concise-encoding/cte_decoder.go:270.2,270.33 1 0
github.com/kstenerud/go-concise-encoding/cte_decoder.go:253.25,255.3 1 0
github.com/kstenerud/go-concise-encoding/cte_decoder.go:259.27,261.3 1 0
github.com/kstenerud/go-concise-encoding/cte_decoder.go:264.25,266.3 1 0
github.com/kstenerud/go-concise-encoding/cte_decoder.go:267.14,269.3 1 0
github.com/kstenerud/go-concise-encoding/cte_decoder.go:273.54,275.2 1 0
github.com/kstenerud/go-concise-encoding/cte_decoder.go:279.44,282.25 3 0
github.com/kstenerud/go-concise-encoding/cte_decoder.go:287.2,288.17 2 0
github.com/kstenerud/go-concise-encoding/cte_decoder.go:282.25,283.60 1 0
github.com/kstenerud/go-concise-encoding/cte_decoder.go:283.60,284.9 1 0
github.com/kstenerud/go-concise-encoding/cte_decoder.go:291.62,294.25 3 0
github.com/kstenerud/go-concise-encoding/cte_decoder.go:305.2,306.8 2 0
github.com/kstenerud/go-concise-encoding/cte_decoder.go:294.25,296.46 2 0
github.com/kstenerud/go-concise-encoding/cte_decoder.go:299.3,301.23 3 0
github.com/kstenerud/go-concise-encoding/cte_decoder.go:296.46,297.9 1 0
github.com/kstenerud/go-concise-encoding/cte_decoder.go:301.23,303.4 1 0
github.com/kstenerud/go-concise-encoding/cte_decoder.go:309.61,312.25 3 0
github.com/kstenerud/go-concise-encoding/cte_decoder.go:323.2,324.8 2 0
github.com/kstenerud/go-concise-encoding/cte_decoder.go:312.25,314.45 2 0
github.com/kstenerud/go-concise-encoding/cte_decoder.go:317.3,319.23 3 0
github.com/kstenerud/go-concise-encoding/cte_decoder.go:314.45,315.9 1 0
github.com/kstenerud/go-concise-encoding/cte_decoder.go:319.23,321.4 1 0
github.com/kstenerud/go-concise-encoding/cte_decoder.go:329.139,333.26 3 0
github.com/kstenerud/go-concise-encoding/cte_decoder.go:349.2,349.26 1 0
github.com/kstenerud/go-concise-encoding/cte_decoder.go:361.2,363.8 3 0
github.com/kstenerud/go-concise-encoding/cte_decoder.go:333.26,335.26 2 0
github.com/kstenerud/go-concise-encoding/cte_decoder.go:335.26,337.38 2 0
github.com/kstenerud/go-concise-encoding/cte_decoder.go:340.4,342.28 3 0
github.com/kstenerud/go-concise-encoding/cte_decoder.go:337.38,338.10 1 0
github.com/kstenerud/go-concise-encoding/cte_decoder.go:342.28,344.10 2 0
github.com/kstenerud/go-concise-encoding/cte_decoder.go:349.26,351.26 2 0
github.com/kstenerud/go-concise-encoding/cte_decoder.go:351.26,353.38 2 0
github.com/kstenerud/go-concise-encoding/cte_decoder.go:356.4,357.63 2 0
github.com/kstenerud/go-concise-encoding/cte_decoder.go:353.38,354.10 1 0
github.com/kstenerud/go-concise-encoding/cte_decoder.go:366.92,371.25 4 0
github.com/kstenerud/go-concise-encoding/cte_decoder.go:389.2,391.8 3 0
github.com/kstenerud/go-concise-encoding/cte_decoder.go:371.25,375.10 4 0
github.com/kstenerud/go-concise-encoding/cte_decoder.go:385.3,385.23 1 0
github.com/kstenerud/go-concise-encoding/cte_decoder.go:376.38,377.36 1 0
github.com/kstenerud/go-concise-encoding/cte_decoder.go:378.47,379.41 1 0
github.com/kstenerud/go-concise-encoding/cte_decoder.go:380.47,381.41 1 0
github.com/kstenerud/go-concise-encoding/cte_decoder.go:382.11,383.14 1 0
github.com/kstenerud/go-concise-encoding/cte_decoder.go:385.23,387.4 1 0
github.com/kstenerud/go-concise-encoding/cte_decoder.go:394.89,397.2 2 0
github.com/kstenerud/go-concise-encoding/cte_decoder.go:399.53,403.25 4 0
github.com/kstenerud/go-concise-encoding/cte_decoder.go:413.2,414.11 2 0
github.com/kstenerud/go-concise-encoding/cte_decoder.go:403.25,404.27 1 0
github.com/kstenerud/go-concise-encoding/cte_decoder.go:405.12,408.14 3 0
github.com/kstenerud/go-concise-encoding/cte_decoder.go:409.13,410.58 1 0
github.com/kstenerud/go-concise-encoding/cte_decoder.go:417.49,423.25 6 0
github.com/kstenerud/go-concise-encoding/cte_decoder.go:451.2,452.12 2 0
github.com/kstenerud/go-concise-encoding/cte_decoder.go:423.25,426.10 3 0
github.com/kstenerud/go-concise-encoding/cte_decoder.go:444.3,444.19 1 0
github.com/kstenerud/go-concise-encoding/cte_decoder.go:448.3,449.29 2 0
github.com/kstenerud/go-concise-encoding/cte_decoder.go:427.38,428.23 1 0
github.com/kstenerud/go-concise-encoding/cte_decoder.go:429.47,430.28 1 0
github.com/kstenerud/go-concise-encoding/cte_decoder.go:431.47,432.28 1 0
github.com/kstenerud/go-concise-encoding/cte_decoder.go:433.46,434.12 1 0
github.com/kstenerud/go-concise-encoding/cte_decoder.go:435.17,436.20 1 0
github.com/kstenerud/go-concise-encoding/cte_decoder.go:439.4,440.16 2 0
github.com/kstenerud/go-concise-encoding/cte_decoder.go:441.11,442.44 1 0
github.com/kstenerud/go-concise-encoding/cte_decoder.go:436.20,438.5 1 0
github.com/kstenerud/go-concise-encoding/cte_decoder.go:444.19,447.4 2 0
github.com/kstenerud/go-concise-encoding/cte_decoder.go:455.45,463.25 7 0
github.com/kstenerud/go-concise-encoding/cte_decoder.go:489.2,494.44 1 0
github.com/kstenerud/go-concise-encoding/cte_decoder.go:498.2,499.13 2 0
github.com/kstenerud/go-concise-encoding/cte_decoder.go:463.25,466.10 3 0
github.com/kstenerud/go-concise-encoding/cte_decoder.go:481.3,481.19 1 0
github.com/kstenerud/go-concise-encoding/cte_decoder.go:485.3,486.29 2 0
github.com/kstenerud/go-concise-encoding/cte_decoder.go:467.38,468.23 1 0
github.com/kstenerud/go-concise-encoding/cte_decoder.go:469.47,470.28 1 0
github.com/kstenerud/go-concise-encoding/cte_decoder.go:471.47,472.28 1 0
github.com/kstenerud/go-concise-encoding/cte_decoder.go:473.17,475.12 2 0
github.com/kstenerud/go-concise-encoding/cte_decoder.go:476.45,477.14 1 0
github.com/kstenerud/go-concise-encoding/cte_decoder.go:478.11,479.36 1 0
github.com/kstenerud/go-concise-encoding/cte_decoder.go:481.19,484.4 2 0
github.com/kstenerud/go-concise-encoding/cte_decoder.go:494.44,496.3 1 0
github.com/kstenerud/go-concise-encoding/cte_decoder.go:502.67,504.20 2 0
github.com/kstenerud/go-concise-encoding/cte_decoder.go:507.2,507.28 1 0
github.com/kstenerud/go-concise-encoding/cte_decoder.go:510.2,514.21 4 0
github.com/kstenerud/go-concise-encoding/cte_decoder.go:517.2,517.20 1 0
github.com/kstenerud/go-concise-encoding/cte_decoder.go:520.2,520.28 1 0
github.com/kstenerud/go-concise-encoding/cte_decoder.go:524.2,527.21 4 0
github.com/kstenerud/go-concise-encoding/cte_decoder.go:530.2,530.20 1 0
github.com/kstenerud/go-concise-encoding/cte_decoder.go:533.2,533.28 1 0
github.com/kstenerud/go-concise-encoding/cte_decoder.go:537.2,538.56 2 0
github.com/kstenerud/go-concise-encoding/cte_decoder.go:543.2,545.18 1 0
github.com/kstenerud/go-concise-encoding/cte_decoder.go:504.20,506.3 1 0
github.com/kstenerud/go-concise-encoding/cte_decoder.go:507.28,509.3 1 0
github.com/kstenerud/go-concise-encoding/cte_decoder.go:514.21,516.3 1 0
github.com/kstenerud/go-concise-encoding/cte_decoder.go:517.20,519.3 1 0
github.com/kstenerud/go-concise-encoding/cte_decoder.go:520.28,522.3 1 0
github.com/kstenerud/go-concise-encoding/cte_decoder.go:527.21,529.3 1 0
github.com/kstenerud/go-concise-encoding/cte_decoder.go:530.20,532.3 1 0
github.com/kstenerud/go-concise-encoding/cte_decoder.go:533.28,536.3 2 0
github.com/kstenerud/go-concise-encoding/cte_decoder.go:538.56,542.3 1 0
github.com/kstenerud/go-concise-encoding/cte_decoder.go:548.65,550.20 2 0
github.com/kstenerud/go-concise-encoding/cte_decoder.go:553.2,553.28 1 0
github.com/kstenerud/go-concise-encoding/cte_decoder.go:556.2,559.20 4 0
github.com/kstenerud/go-concise-encoding/cte_decoder.go:562.2,564.28 2 0
github.com/kstenerud/go-concise-encoding/cte_decoder.go:577.2,578.41 2 0
github.com/kstenerud/go-concise-encoding/cte_decoder.go:582.2,582.14 1 0
github.com/kstenerud/go-concise-encoding/cte_decoder.go:585.2,587.48 2 0
github.com/kstenerud/go-concise-encoding/cte_decoder.go:598.2,599.91 2 0
github.com/kstenerud/go-concise-encoding/cte_decoder.go:550.20,552.3 1 0
github.com/kstenerud/go-concise-encoding/cte_decoder.go:553.28,555.3 1 0
github.com/kstenerud/go-concise-encoding/cte_decoder.go:559.20,561.3 1 0
github.com/kstenerud/go-concise-encoding/cte_decoder.go:564.28,567.22 3 0
github.com/kstenerud/go-concise-encoding/cte_decoder.go:570.3,570.21 1 0
github.com/kstenerud/go-concise-encoding/cte_decoder.go:573.3,574.48 2 0
github.com/kstenerud/go-concise-encoding/cte_decoder.go:567.22,569.4 1 0
github.com/kstenerud/go-concise-encoding/cte_decoder.go:570.21,572.4 1 0
github.com/kstenerud/go-concise-encoding/cte_decoder.go:578.41,580.3 1 0
github.com/kstenerud/go-concise-encoding/cte_decoder.go:582.14,584.3 1 0
github.com/kstenerud/go-concise-encoding/cte_decoder.go:587.48,590.29 3 0
github.com/kstenerud/go-concise-encoding/cte_decoder.go:594.3,595.88 2 0
github.com/kstenerud/go-concise-encoding/cte_decoder.go:590.29,593.4 2 0
github.com/kstenerud/go-concise-encoding/cte_decoder.go:602.71,604.20 2 0
github.com/kstenerud/go-concise-encoding/cte_decoder.go:613.2,615.14 3 0
github.com/kstenerud/go-concise-encoding/cte_decoder.go:629.2,629.36 1 0
github.com/kstenerud/go-concise-encoding/cte_decoder.go:605.15,605.15 0 0
github.com/kstenerud/go-concise-encoding/cte_decoder.go:607.9,608.28 1 0
github.com/kstenerud/go-concise-encoding/cte_decoder.go:609.10,610.51 1 0
github.com/kstenerud/go-concise-encoding/cte_decoder.go:615.14,618.21 3 0
github.com/kstenerud/go-concise-encoding/cte_decoder.go:619.10,620.20 1 0
github.com/kstenerud/go-concise-encoding/cte_decoder.go:621.10,621.10 0 0
github.com/kstenerud/go-concise-encoding/cte_decoder.go:623.10,624.29 1 0
github.com/kstenerud/go-concise-encoding/cte_decoder.go:625.11,626.52 1 0
github.com/kstenerud/go-concise-encoding/cte_decoder.go:632.87,635.28 2 0
github.com/kstenerud/go-concise-encoding/cte_decoder.go:638.2,642.8 3 0
github.com/kstenerud/go-concise-encoding/cte_decoder.go:635.28,637.3 1 0
github.com/kstenerud/go-concise-encoding/cte_decoder.go:645.180,649.31 4 0
github.com/kstenerud/go-concise-encoding/cte_decoder.go:653.2,653.28 1 0
github.com/kstenerud/go-concise-encoding/cte_decoder.go:673.2,675.22 2 0
github.com/kstenerud/go-concise-encoding/cte_decoder.go:682.2,682.27 1 0
github.com/kstenerud/go-concise-encoding/cte_decoder.go:689.2,689.38 1 0
github.com/kstenerud/go-concise-encoding/cte_decoder.go:698.2,699.8 2 0
github.com/kstenerud/go-concise-encoding/cte_decoder.go:649.31,651.3 1 0
github.com/kstenerud/go-concise-encoding/cte_decoder.go:653.28,656.26 3 0
github.com/kstenerud/go-concise-encoding/cte_decoder.go:663.3,664.22 2 0
github.com/kstenerud/go-concise-encoding/cte_decoder.go:667.3,667.40 1 0
github.com/kstenerud/go-concise-encoding/cte_decoder.go:670.3,670.39 1 0
github.com/kstenerud/go-concise-encoding/cte_decoder.go:657.12,658.22 1 0
github.com/kstenerud/go-concise-encoding/cte_decoder.go:659.12,661.22 2 0
github.com/kstenerud/go-concise-encoding/cte_decoder.go:664.22,666.4 1 0
github.com/kstenerud/go-concise-encoding/cte_decoder.go:667.40,669.4 1 0
github.com/kstenerud/go-concise-encoding/cte_decoder.go:675.22,676.15 1 0
github.com/kstenerud/go-concise-encoding/cte_decoder.go:679.3,679.9 1 0
github.com/kstenerud/go-concise-encoding/cte_decoder.go:676.15,678.4 1 0
github.com/kstenerud/go-concise-encoding/cte_decoder.go:682.27,684.15 2 0
github.com/kstenerud/go-concise-encoding/cte_decoder.go:687.3,687.9 1 0
github.com/kstenerud/go-concise-encoding/cte_decoder.go:684.15,686.4 1 0
github.com/kstenerud/go-concise-encoding/cte_decoder.go:689.38,692.15 3 0
github.com/kstenerud/go-concise-encoding/cte_decoder.go:695.3,695.9 1 0
github.com/kstenerud/go-concise-encoding/cte_decoder.go:692.15,694.4 1 0
github.com/kstenerud/go-concise-encoding/cte_decoder.go:702.107,706.31 4 0
github.com/kstenerud/go-concise-encoding/cte_decoder.go:710.2,710.28 1 0
github.com/kstenerud/go-concise-encoding/cte_decoder.go:730.2,734.87 2 0
github.com/kstenerud/go-concise-encoding/cte_decoder.go:706.31,708.3 1 0
github.com/kstenerud/go-concise-encoding/cte_decoder.go:710.28,713.26 3 0
github.com/kstenerud/go-concise-encoding/cte_decoder.go:720.3,721.22 2 0
github.com/kstenerud/go-concise-encoding/cte_decoder.go:724.3,724.20 1 0
github.com/kstenerud/go-concise-encoding/cte_decoder.go:727.3,727.37 1 0
github.com/kstenerud/go-concise-encoding/cte_decoder.go:714.12,715.22 1 0
github.com/kstenerud/go-concise-encoding/cte_decoder.go:716.12,718.22 2 0
github.com/kstenerud/go-concise-encoding/cte_decoder.go:721.22,723.4 1 0
github.com/kstenerud/go-concise-encoding/cte_decoder.go:724.20,726.4 1 0
github.com/kstenerud/go-concise-encoding/cte_decoder.go:737.58,741.41 4 0
github.com/kstenerud/go-concise-encoding/cte_decoder.go:745.2,745.55 1 0
github.com/kstenerud/go-concise-encoding/cte_decoder.go:741.41,743.3 1 0
github.com/kstenerud/go-concise-encoding/cte_decoder.go:752.42,753.2 0 0
github.com/kstenerud/go-concise-encoding/cte_decoder.go:755.43,757.2 1 0
github.com/kstenerud/go-concise-encoding/cte_decoder.go:759.40,761.2 1 0
github.com/kstenerud/go-concise-encoding/cte_decoder.go:763.45,765.2 1 0
github.com/kstenerud/go-concise-encoding/cte_decoder.go:767.46,769.2 1 0
github.com/kstenerud/go-concise-encoding/cte_decoder.go:771.45,774.14 3 0
github.com/kstenerud/go-concise-encoding/cte_decoder.go:777.2,779.18 3 0
github.com/kstenerud/go-concise-encoding/cte_decoder.go:774.14,776.3 1 0
github.com/kstenerud/go-concise-encoding/cte_decoder.go:782.44,785.2 2 0
github.com/kstenerud/go-concise-encoding/cte_decoder.go:787.41,788.48 1 0
github.com/kstenerud/go-concise-encoding/cte_decoder.go:791.2,794.21 3 0
github.com/kstenerud/go-concise-encoding/cte_decoder.go:797.2,797.23 1 0
github.com/kstenerud/go-concise-encoding/cte_decoder.go:801.2,801.57 1 0
github.com/kstenerud/go-concise-encoding/cte_decoder.go:804.2,807.17 3 0
github.com/kstenerud/go-concise-encoding/cte_decoder.go:788.48,790.3 1 0
github.com/kstenerud/go-concise-encoding/cte_decoder.go:794.21,796.3 1 0
github.com/kstenerud/go-concise-encoding/cte_decoder.go:797.23,799.3 1 0
github.com/kstenerud/go-concise-encoding/cte_decoder.go:801.57,803.3 1 0
github.com/kstenerud/go-concise-encoding/cte_decoder.go:810.43,815.25 5 0
github.com/kstenerud/go-concise-encoding/cte_decoder.go:823.2,823.56 1 0
github.com/kstenerud/go-concise-encoding/cte_decoder.go:832.2,832.33 1 0
github.com/kstenerud/go-concise-encoding/cte_decoder.go:855.2,855.40 1 0
github.com/kstenerud/go-concise-encoding/cte_decoder.go:815.25,817.46 2 0
github.com/kstenerud/go-concise-encoding/cte_decoder.go:817.46,818.9 1 0
github.com/kstenerud/go-concise-encoding/cte_decoder.go:823.56,829.3 5 0
github.com/kstenerud/go-concise-encoding/cte_decoder.go:832.33,834.20 2 0
github.com/kstenerud/go-concise-encoding/cte_decoder.go:835.12,839.10 4 0
github.com/kstenerud/go-concise-encoding/cte_decoder.go:840.12,844.10 4 0
github.com/kstenerud/go-concise-encoding/cte_decoder.go:845.12,849.10 4 0
github.com/kstenerud/go-concise-encoding/cte_decoder.go:850.11,851.47 1 0
github.com/kstenerud/go-concise-encoding/cte_decoder.go:858.46,862.2 3 0
github.com/kstenerud/go-concise-encoding/cte_decoder.go:864.49,868.55 2 0
github.com/kstenerud/go-concise-encoding/cte_decoder.go:878.2,878.25 1 0
github.com/kstenerud/go-concise-encoding/cte_decoder.go:868.55,869.28 1 0
github.com/kstenerud/go-concise-encoding/cte_decoder.go:874.3,875.9 2 0
github.com/kstenerud/go-concise-encoding/cte_decoder.go:869.28,871.4 1 0
github.com/kstenerud/go-concise-encoding/cte_decoder.go:871.9,873.4 1 0
github.com/kstenerud/go-concise-encoding/cte_decoder.go:879.11,884.19 5 0
github.com/kstenerud/go-concise-encoding/cte_decoder.go:885.11,890.19 5 0
github.com/kstenerud/go-concise-encoding/cte_decoder.go:891.11,895.22 4 0
github.com/kstenerud/go-concise-encoding/cte_decoder.go:900.3,900.19 1 0
github.com/kstenerud/go-concise-encoding/cte_decoder.go:901.10,902.33 1 0
github.com/kstenerud/go-concise-encoding/cte_decoder.go:895.22,897.4 1 0
github.com/kstenerud/go-concise-encoding/cte_decoder.go:897.9,899.4 1 0
github.com/kstenerud/go-concise-encoding/cte_decoder.go:906.49,908.25 2 0
github.com/kstenerud/go-concise-encoding/cte_decoder.go:924.2,927.55 2 0
github.com/kstenerud/go-concise-encoding/cte_decoder.go:938.2,938.25 1 0
github.com/kstenerud/go-concise-encoding/cte_decoder.go:909.11,911.9 2 0
github.com/kstenerud/go-concise-encoding/cte_decoder.go:912.11,917.21 5 0
github.com/kstenerud/go-concise-encoding/cte_decoder.go:920.3,921.9 2 0
github.com/kstenerud/go-concise-encoding/cte_decoder.go:917.21,919.4 1 0
github.com/kstenerud/go-concise-encoding/cte_decoder.go:927.55,928.28 1 0
github.com/kstenerud/go-concise-encoding/cte_decoder.go:933.3,935.9 3 0
github.com/kstenerud/go-concise-encoding/cte_decoder.go:928.28,932.4 2 0
github.com/kstenerud/go-concise-encoding/cte_decoder.go:939.11,944.19 5 0
github.com/kstenerud/go-concise-encoding/cte_decoder.go:945.11,949.22 4 0
github.com/kstenerud/go-concise-encoding/cte_decoder.go:954.3,954.19 1 0
github.com/kstenerud/go-concise-encoding/cte_decoder.go:955.10,956.33 1 0
github.com/kstenerud/go-concise-encoding/cte_decoder.go:949.22,951.4 1 0
github.com/kstenerud/go-concise-encoding/cte_decoder.go:951.9,953.4 1 0
github.com/kstenerud/go-concise-encoding/cte_decoder.go:960.51,964.41 3 0
github.com/kstenerud/go-concise-encoding/cte_decoder.go:969.2,971.11 2 0
github.com/kstenerud/go-concise-encoding/cte_decoder.go:964.41,968.3 3 0
github.com/kstenerud/go-concise-encoding/cte_decoder.go:972.11,976.19 4 0
github.com/kstenerud/go-concise-encoding/cte_decoder.go:977.11,981.19 4 0
github.com/kstenerud/go-concise-encoding/cte_decoder.go:982.11,984.29 2 0
github.com/kstenerud/go-concise-encoding/cte_decoder.go:995.11,998.22 3 0
github.com/kstenerud/go-concise-encoding/cte_decoder.go:1003.3,1003.19 1 0
github.com/kstenerud/go-concise-encoding/cte_decoder.go:1004.10,1005.61 1 0
github.com/kstenerud/go-concise-encoding/cte_decoder.go:1013.3,1014.38 2 0
github.com/kstenerud/go-concise-encoding/cte_decoder.go:984.29,990.4 5 0
github.com/kstenerud/go-concise-encoding/cte_decoder.go:990.9,994.4 3 0
github.com/kstenerud/go-concise-encoding/cte_decoder.go:998.22,1000.4 1 0
github.com/kstenerud/go-concise-encoding/cte_decoder.go:1000.9,1002.4 1 0
github.com/kstenerud/go-concise-encoding/cte_decoder.go:1005.61,1012.4 6 0
github.com/kstenerud/go-concise-encoding/cte_decoder.go:1018.51,1021.11 3 0
github.com/kstenerud/go-concise-encoding/cte_decoder.go:1022.11,1026.19 4 0
github.com/kstenerud/go-concise-encoding/cte_decoder.go:1027.11,1031.19 4 0
github.com/kstenerud/go-concise-encoding/cte_decoder.go:1032.11,1034.29 2 0
github.com/kstenerud/go-concise-encoding/cte_decoder.go:1045.11,1048.22 3 0
github.com/kstenerud/go-concise-encoding/cte_decoder.go:1053.3,1053.19 1 0
github.com/kstenerud/go-concise-encoding/cte_decoder.go:1054.10,1056.38 2 0
github.com/kstenerud/go-concise-encoding/cte_decoder.go:1034.29,1040.4 5 0
github.com/kstenerud/go-concise-encoding/cte_decoder.go:1040.9,1044.4 3 0
github.com/kstenerud/go-concise-encoding/cte_decoder.go:1048.22,1050.4 1 0
github.com/kstenerud/go-concise-encoding/cte_decoder.go:1050.9,1052.4 1 0
github.com/kstenerud/go-concise-encoding/cte_decoder.go:1060.43,1065.2 4 0
github.com/kstenerud/go-concise-encoding/cte_decoder.go:1067.41,1072.2 4 0
github.com/kstenerud/go-concise-encoding/cte_decoder.go:1074.42,1079.2 4 0
github.com/kstenerud/go-concise-encoding/cte_decoder.go:1081.40,1086.2 4 0
github.com/kstenerud/go-concise-encoding/cte_decoder.go:1088.47,1093.2 4 0
github.com/kstenerud/go-concise-encoding/cte_decoder.go:1095.45,1101.2 4 0
github.com/kstenerud/go-concise-encoding/cte_decoder.go:1103.41,1105.25 2 0
github.com/kstenerud/go-concise-encoding/cte_decoder.go:1106.11,1109.24 3 0
github.com/kstenerud/go-concise-encoding/cte_decoder.go:1112.3,1113.18 2 0
github.com/kstenerud/go-concise-encoding/cte_decoder.go:1115.11,1118.18 3 0
github.com/kstenerud/go-concise-encoding/cte_decoder.go:1119.10,1121.33 2 0
github.com/kstenerud/go-concise-encoding/cte_decoder.go:1109.24,1111.4 1 0
github.com/kstenerud/go-concise-encoding/cte_decoder.go:1125.48,1133.43 4 0
github.com/kstenerud/go-concise-encoding/cte_decoder.go:1164.2,1164.22 1 0
github.com/kstenerud/go-concise-encoding/cte_decoder.go:1133.43,1137.34 3 0
github.com/kstenerud/go-concise-encoding/cte_decoder.go:1150.3,1150.34 1 0
github.com/kstenerud/go-concise-encoding/cte_decoder.go:1137.34,1139.28 2 0
github.com/kstenerud/go-concise-encoding/cte_decoder.go:1143.4,1147.10 5 0
github.com/kstenerud/go-concise-encoding/cte_decoder.go:1139.28,1142.5 2 0
github.com/kstenerud/go-concise-encoding/cte_decoder.go:1150.34,1152.35 2 0
github.com/kstenerud/go-concise-encoding/cte_decoder.go:1156.4,1160.10 5 0
github.com/kstenerud/go-concise-encoding/cte_decoder.go:1152.35,1155.5 2 0
github.com/kstenerud/go-concise-encoding/cte_decoder.go:1167.45,1172.2 4 0
github.com/kstenerud/go-concise-encoding/cte_decoder.go:1174.52,1179.2 4 0
github.com/kstenerud/go-concise-encoding/cte_decoder.go:1181.83,1184.2 2 0
github.com/kstenerud/go-concise-encoding/cte_decoder.go:1186.47,1190.25 4 0
github.com/kstenerud/go-concise-encoding/cte_decoder.go:1244.2,1244.22 1 0
github.com/kstenerud/go-concise-encoding/cte_decoder.go:1190.25,1191.27 1 0
github.com/kstenerud/go-concise-encoding/cte_decoder.go:1192.12,1193.33 1 0
github.com/kstenerud/go-concise-encoding/cte_decoder.go:1219.12,1222.20 3 0
github.com/kstenerud/go-concise-encoding/cte_decoder.go:1226.4,1228.10 3 0
github.com/kstenerud/go-concise-encoding/cte_decoder.go:1229.12,1232.20 3 0
github.com/kstenerud/go-concise-encoding/cte_decoder.go:1235.4,1238.10 4 0
github.com/kstenerud/go-concise-encoding/cte_decoder.go:1239.13,1241.10 2 0
github.com/kstenerud/go-concise-encoding/cte_decoder.go:1194.13,1195.21 1 0
github.com/kstenerud/go-concise-encoding/cte_decoder.go:1198.5,1201.26 4 0
github.com/kstenerud/go-concise-encoding/cte_decoder.go:1204.5,1208.11 4 0
github.com/kstenerud/go-concise-encoding/cte_decoder.go:1209.13,1210.21 1 0
github.com/kstenerud/go-concise-encoding/cte_decoder.go:1213.5,1217.11 5 0
github.com/kstenerud/go-concise-encoding/cte_decoder.go:1195.21,1197.6 1 0
github.com/kstenerud/go-concise-encoding/cte_decoder.go:1201.26,1203.6 1 0
github.com/kstenerud/go-concise-encoding/cte_decoder.go:1210.21,1212.6 1 0
github.com/kstenerud/go-concise-encoding/cte_decoder.go:1222.20,1224.5 1 0
github.com/kstenerud/go-concise-encoding/cte_decoder.go:1232.20,1234.5 1 0
github.com/kstenerud/go-concise-encoding/cte_decoder.go:1247.43,1253.2 5 0
github.com/kstenerud/go-concise-encoding/cte_decoder.go:1255.44,1260.15 5 0
github.com/kstenerud/go-concise-encoding/cte_decoder.go:1287.2,1290.18 4 0
github.com/kstenerud/go-concise-encoding/cte_decoder.go:1261.13,1264.9 3 0
github.com/kstenerud/go-concise-encoding/cte_decoder.go:1265.13,1268.9 3 0
github.com/kstenerud/go-concise-encoding/cte_decoder.go:1269.14,1272.9 3 0
github.com/kstenerud/go-concise-encoding/cte_decoder.go:1273.13,1276.9 3 0
github.com/kstenerud/go-concise-encoding/cte_decoder.go:1277.15,1280.9 3 0
github.com/kstenerud/go-concise-encoding/cte_decoder.go:1281.14,1284.9 3 0
github.com/kstenerud/go-concise-encoding/cte_decoder.go:1293.48,1300.20 7 0
github.com/kstenerud/go-concise-encoding/cte_decoder.go:1305.2,1308.15 4 0
github.com/kstenerud/go-concise-encoding/cte_decoder.go:1311.2,1315.18 5 0
github.com/kstenerud/go-concise-encoding/cte_decoder.go:1300.20,1301.30 1 0
github.com/kstenerud/go-concise-encoding/cte_decoder.go:1301.30,1303.4 1 0
github.com/kstenerud/go-concise-encoding/cte_decoder.go:1308.15,1310.3 1 0
github.com/kstenerud/go-concise-encoding/cte_decoder.go:1318.43,1321.56 3 0
github.com/kstenerud/go-concise-encoding/cte_decoder.go:1324.2,1324.17 1 0
github.com/kstenerud/go-concise-encoding/cte_decoder.go:1321.56,1323.3 1 0
github.com/kstenerud/go-concise-encoding/cte_decoder.go:1327.40,1330.56 3 0
github.com/kstenerud/go-concise-encoding/cte_decoder.go:1333.2,1333.17 1 0
github.com/kstenerud/go-concise-encoding/cte_decoder.go:1330.56,1332.3 1 0
github.com/kstenerud/go-concise-encoding/cte_decoder.go:1361.13,1395.2 32 1
github.com/kstenerud/go-concise-encoding/cte_decoder.go:1399.13,1400.44 1 1
github.com/kstenerud/go-concise-encoding/cte_decoder.go:1404.2,1425.30 20 1
github.com/kstenerud/go-concise-encoding/cte_decoder.go:1429.2,1436.30 7 1
github.com/kstenerud/go-concise-encoding/cte_decoder.go:1440.2,1447.30 7 1
github.com/kstenerud/go-concise-encoding/cte_decoder.go:1451.2,1456.31 5 1
github.com/kstenerud/go-concise-encoding/cte_decoder.go:1460.2,1460.71 1 1
github.com/kstenerud/go-concise-encoding/cte_decoder.go:1400.44,1402.3 1 1
github.com/kstenerud/go-concise-encoding/cte_decoder.go:1425.30,1427.3 1 1
github.com/kstenerud/go-concise-encoding/cte_decoder.go:1436.30,1438.3 1 1
github.com/kstenerud/go-concise-encoding/cte_decoder.go:1447.30,1449.3 1 1
github.com/kstenerud/go-concise-encoding/cte_decoder.go:1456.31,1458.3 1 1
github.com/kstenerud/go-concise-encoding/cte_decoder.go:1467.63,1469.2 1 0
github.com/kstenerud/go-concise-encoding/cte_decoder.go:1471.56,1473.2 1 0
github.com/kstenerud/go-concise-encoding/cte_decoder.go:1494.70,1496.2 1 0
github.com/kstenerud/go-concise-encoding/cte_decoder.go:1500.13,1512.30 11 1
github.com/kstenerud/go-concise-encoding/cte_decoder.go:1515.2,1515.30 1 1
github.com/kstenerud/go-concise-encoding/cte_decoder.go:1518.2,1518.30 1 1
github.com/kstenerud/go-concise-encoding/cte_decoder.go:1521.2,1521.31 1 1
github.com/kstenerud/go-concise-encoding/cte_decoder.go:1525.2,1525.31 1 1
github.com/kstenerud/go-concise-encoding/cte_decoder.go:1530.2,1542.30 12 1
github.com/kstenerud/go-concise-encoding/cte_decoder.go:1545.2,1545.30 1 1
github.com/kstenerud/go-concise-encoding/cte_decoder.go:1548.2,1548.30 1 1
github.com/kstenerud/go-concise-encoding/cte_decoder.go:1552.2,1552.30 1 1
github.com/kstenerud/go-concise-encoding/cte_decoder.go:1556.2,1556.30 1 1
github.com/kstenerud/go-concise-encoding/cte_decoder.go:1560.2,1563.55 4 1
github.com/kstenerud/go-concise-encoding/cte_decoder.go:1512.30,1514.3 1 1
github.com/kstenerud/go-concise-encoding/cte_decoder.go:1515.30,1517.3 1 1
github.com/kstenerud/go-concise-encoding/cte_decoder.go:1518.30,1520.3 1 1
github.com/kstenerud/go-concise-encoding/cte_decoder.go:1521.31,1524.3 1 1
github.com/kstenerud/go-concise-encoding/cte_decoder.go:1525.31,1528.3 1 1
github.com/kstenerud/go-concise-encoding/cte_decoder.go:1542.30,1544.3 1 1
github.com/kstenerud/go-concise-encoding/cte_decoder.go:1545.30,1547.3 1 1
github.com/kstenerud/go-concise-encoding/cte_decoder.go:1548.30,1550.3 1 1
github.com/kstenerud/go-concise-encoding/cte_decoder.go:1552.30,1554.3 1 1
github.com/kstenerud/go-concise-encoding/cte_decoder.go:1556.30,1558.3 1 1
github.com/kstenerud/go-concise-encoding/buffer.go:28.36,30.2 1 0
github.com/kstenerud/go-concise-encoding/buffer.go:32.52,34.40 2 0
github.com/kstenerud/go-concise-encoding/buffer.go:39.2,40.28 2 0
github.com/kstenerud/go-concise-encoding/buffer.go:34.40,36.3 1 0
github.com/kstenerud/go-concise-encoding/buffer.go:36.8,38.3 1 0
github.com/kstenerud/go-concise-encoding/buffer.go:43.58,46.2 2 0
github.com/kstenerud/go-concise-encoding/buffer.go:50.41,53.28 3 0
github.com/kstenerud/go-concise-encoding/buffer.go:60.2,64.23 5 0
github.com/kstenerud/go-concise-encoding/buffer.go:53.28,54.31 1 0
github.com/kstenerud/go-concise-encoding/buffer.go:54.31,56.4 1 0
github.com/kstenerud/go-concise-encoding/buffer.go:56.9,58.4 1 0
github.com/kstenerud/go-concise-encoding/builder.go:43.74,45.2 1 0
github.com/kstenerud/go-concise-encoding/builder.go:49.55,51.31 2 0
github.com/kstenerud/go-concise-encoding/builder.go:54.2,54.34 1 0
github.com/kstenerud/go-concise-encoding/builder.go:51.31,53.3 1 0
github.com/kstenerud/go-concise-encoding/builder.go:101.13,103.33 1 1
github.com/kstenerud/go-concise-encoding/builder.go:115.2,115.36 1 1
github.com/kstenerud/go-concise-encoding/builder.go:103.33,107.34 4 1
github.com/kstenerud/go-concise-encoding/builder.go:110.3,110.37 1 1
github.com/kstenerud/go-concise-encoding/builder.go:107.34,109.4 1 1
github.com/kstenerud/go-concise-encoding/builder.go:110.37,112.4 1 1
github.com/kstenerud/go-concise-encoding/builder.go:115.36,119.3 3 1
github.com/kstenerud/go-concise-encoding/builder.go:122.93,123.120 1 0
github.com/kstenerud/go-concise-encoding/builder.go:126.73,127.100 1 0
github.com/kstenerud/go-concise-encoding/builder.go:130.86,131.111 1 0
github.com/kstenerud/go-concise-encoding/builder.go:134.65,135.24 1 1
github.com/kstenerud/go-concise-encoding/builder.go:136.20,137.35 1 1
github.com/kstenerud/go-concise-encoding/builder.go:138.22,139.28 1 1
github.com/kstenerud/go-concise-encoding/builder.go:140.78,141.32 1 1
github.com/kstenerud/go-concise-encoding/builder.go:142.83,143.33 1 1
github.com/kstenerud/go-concise-encoding/builder.go:144.40,145.34 1 1
github.com/kstenerud/go-concise-encoding/builder.go:146.25,147.31 1 1
github.com/kstenerud/go-concise-encoding/builder.go:148.21,149.34 1 0
github.com/kstenerud/go-concise-encoding/builder.go:150.21,151.32 1 1
github.com/kstenerud/go-concise-encoding/builder.go:159.19,160.94 1 1
github.com/kstenerud/go-concise-encoding/builder.go:163.3,163.32 1 1
github.com/kstenerud/go-concise-encoding/builder.go:164.22,165.18 1 1
github.com/kstenerud/go-concise-encoding/builder.go:181.19,182.18 1 1
github.com/kstenerud/go-concise-encoding/builder.go:194.10,195.55 1 0
github.com/kstenerud/go-concise-encoding/builder.go:152.22,153.39 1 1
github.com/kstenerud/go-concise-encoding/builder.go:154.26,155.32 1 1
github.com/kstenerud/go-concise-encoding/builder.go:156.11,157.35 1 1
github.com/kstenerud/go-concise-encoding/builder.go:160.94,162.4 1 1
github.com/kstenerud/go-concise-encoding/builder.go:166.17,167.36 1 1
github.com/kstenerud/go-concise-encoding/builder.go:168.16,169.36 1 1
github.com/kstenerud/go-concise-encoding/builder.go:170.19,171.29 1 1
github.com/kstenerud/go-concise-encoding/builder.go:172.19,173.29 1 1
github.com/kstenerud/go-concise-encoding/builder.go:174.21,175.31 1 0
github.com/kstenerud/go-concise-encoding/builder.go:176.28,177.38 1 1
github.com/kstenerud/go-concise-encoding/builder.go:178.11,179.36 1 0
github.com/kstenerud/go-concise-encoding/builder.go:183.17,184.39 1 1
github.com/kstenerud/go-concise-encoding/builder.go:185.20,186.30 1 1
github.com/kstenerud/go-concise-encoding/builder.go:187.22,188.32 1 0
github.com/kstenerud/go-concise-encoding/builder.go:189.29,190.39 1 1
github.com/kstenerud/go-concise-encoding/builder.go:191.11,192.33 1 1
github.com/kstenerud/go-concise-encoding/builder.go:199.60,200.47 1 1
github.com/kstenerud/go-concise-encoding/builder.go:204.2,206.32 3 1
github.com/kstenerud/go-concise-encoding/builder.go:200.47,202.3 1 1
github.com/kstenerud/go-concise-encoding/builder.go:209.68,210.24 1 0
github.com/kstenerud/go-concise-encoding/builder.go:211.21,212.45 1 0
github.com/kstenerud/go-concise-encoding/builder.go:217.34,218.40 1 0
github.com/kstenerud/go-concise-encoding/builder.go:219.22,220.18 1 0
github.com/kstenerud/go-concise-encoding/builder.go:226.10,227.36 1 0
github.com/kstenerud/go-concise-encoding/builder.go:212.45,214.4 1 0
github.com/kstenerud/go-concise-encoding/builder.go:214.9,216.4 1 0
github.com/kstenerud/go-concise-encoding/builder.go:221.38,222.37 1 0
github.com/kstenerud/go-concise-encoding/builder.go:223.11,224.41 1 0
github.com/kstenerud/go-concise-encoding/cte_encoder.go:62.60,63.20 1 0
github.com/kstenerud/go-concise-encoding/cte_encoder.go:66.2,68.3 1 0
github.com/kstenerud/go-concise-encoding/cte_encoder.go:63.20,65.3 1 0
github.com/kstenerud/go-concise-encoding/cte_encoder.go:71.43,73.2 1 0
github.com/kstenerud/go-concise-encoding/cte_encoder.go:75.47,77.2 0 0
github.com/kstenerud/go-concise-encoding/cte_encoder.go:79.51,81.2 1 0
github.com/kstenerud/go-concise-encoding/cte_encoder.go:83.33,88.2 4 0
github.com/kstenerud/go-concise-encoding/cte_encoder.go:90.44,91.11 1 0
github.com/kstenerud/go-concise-encoding/cte_encoder.go:91.11,93.3 1 0
github.com/kstenerud/go-concise-encoding/cte_encoder.go:93.8,95.3 1 0
github.com/kstenerud/go-concise-encoding/cte_encoder.go:98.34,103.2 4 0
github.com/kstenerud/go-concise-encoding/cte_encoder.go:105.35,110.2 4 0
github.com/kstenerud/go-concise-encoding/cte_encoder.go:112.44,113.16 1 0
github.com/kstenerud/go-concise-encoding/cte_encoder.go:113.16,115.3 1 0
github.com/kstenerud/go-concise-encoding/cte_encoder.go:115.8,117.3 1 0
github.com/kstenerud/go-concise-encoding/cte_encoder.go:120.50,124.2 3 0
github.com/kstenerud/go-concise-encoding/cte_encoder.go:126.53,131.2 4 0
github.com/kstenerud/go-concise-encoding/cte_encoder.go:133.53,138.2 4 0
github.com/kstenerud/go-concise-encoding/cte_encoder.go:140.48,141.23 1 0
github.com/kstenerud/go-concise-encoding/cte_encoder.go:145.2,146.26 2 0
github.com/kstenerud/go-concise-encoding/cte_encoder.go:155.2,157.24 3 0
github.com/kstenerud/go-concise-encoding/cte_encoder.go:141.23,144.3 2 0
github.com/kstenerud/go-concise-encoding/cte_encoder.go:146.26,147.16 1 0
github.com/kstenerud/go-concise-encoding/cte_encoder.go:152.3,152.9 1 0
github.com/kstenerud/go-concise-encoding/cte_encoder.go:147.16,149.4 1 0
github.com/kstenerud/go-concise-encoding/cte_encoder.go:149.9,151.4 1 0
github.com/kstenerud/go-concise-encoding/cte_encoder.go:160.54,164.2 3 0
github.com/kstenerud/go-concise-encoding/cte_encoder.go:166.68,170.2 3 0
github.com/kstenerud/go-concise-encoding/cte_encoder.go:172.63,176.2 3 0
github.com/kstenerud/go-concise-encoding/cte_encoder.go:178.47,180.15 2 0
github.com/kstenerud/go-concise-encoding/cte_encoder.go:185.2,186.24 2 0
github.com/kstenerud/go-concise-encoding/cte_encoder.go:180.15,182.3 1 0
github.com/kstenerud/go-concise-encoding/cte_encoder.go:182.8,184.3 1 0
github.com/kstenerud/go-concise-encoding/cte_encoder.go:189.42,190.18 1 0
github.com/kstenerud/go-concise-encoding/cte_encoder.go:193.2,197.24 4 0
github.com/kstenerud/go-concise-encoding/cte_encoder.go:190.18,191.66 1 0
github.com/kstenerud/go-concise-encoding/cte_encoder.go:200.53,202.37 2 0
github.com/kstenerud/go-concise-encoding/cte_encoder.go:203.2,204.24 2 0
github.com/kstenerud/go-concise-encoding/cte_encoder.go:207.49,209.2 1 0
github.com/kstenerud/go-concise-encoding/cte_encoder.go:211.65,212.42 1 0
github.com/kstenerud/go-concise-encoding/cte_encoder.go:224.2,224.46 1 0
github.com/kstenerud/go-concise-encoding/cte_encoder.go:235.2,236.22 2 0
github.com/kstenerud/go-concise-encoding/cte_encoder.go:247.2,248.24 2 0
github.com/kstenerud/go-concise-encoding/cte_encoder.go:212.42,213.23 1 0
github.com/kstenerud/go-concise-encoding/cte_encoder.go:214.29,215.13 1 0
github.com/kstenerud/go-concise-encoding/cte_encoder.go:216.38,217.45 1 0
github.com/kstenerud/go-concise-encoding/cte_encoder.go:218.43,219.107 1 0
github.com/kstenerud/go-concise-encoding/cte_encoder.go:220.11,221.80 1 0
github.com/kstenerud/go-concise-encoding/cte_encoder.go:224.46,225.24 1 0
github.com/kstenerud/go-concise-encoding/cte_encoder.go:229.3,230.30 2 0
github.com/kstenerud/go-concise-encoding/cte_encoder.go:233.3,233.17 1 0
github.com/kstenerud/go-concise-encoding/cte_encoder.go:225.24,227.4 1 0
github.com/kstenerud/go-concise-encoding/cte_encoder.go:230.30,232.4 1 0
github.com/kstenerud/go-concise-encoding/cte_encoder.go:237.29,238.66 1 0
github.com/kstenerud/go-concise-encoding/cte_encoder.go:239.29,240.102 1 0
github.com/kstenerud/go-concise-encoding/cte_encoder.go:241.34,243.105 1 0
github.com/kstenerud/go-concise-encoding/cte_encoder.go:244.10,245.66 1 0
github.com/kstenerud/go-concise-encoding/cte_encoder.go:251.47,256.2 4 0
github.com/kstenerud/go-concise-encoding/cte_encoder.go:258.45,264.2 4 0
github.com/kstenerud/go-concise-encoding/cte_encoder.go:266.48,271.27 2 0
github.com/kstenerud/go-concise-encoding/cte_encoder.go:276.2,277.24 2 0
github.com/kstenerud/go-concise-encoding/cte_encoder.go:271.27,273.3 1 0
github.com/kstenerud/go-concise-encoding/cte_encoder.go:273.8,275.3 1 0
github.com/kstenerud/go-concise-encoding/cte_encoder.go:280.48,285.2 4 0
github.com/kstenerud/go-concise-encoding/cte_encoder.go:287.40,290.2 2 0
github.com/kstenerud/go-concise-encoding/cte_encoder.go:292.41,295.2 2 0
github.com/kstenerud/go-concise-encoding/cte_encoder.go:297.38,300.2 2 0
github.com/kstenerud/go-concise-encoding/cte_encoder.go:302.41,305.2 2 0
github.com/kstenerud/go-concise-encoding/cte_encoder.go:307.72,308.40 1 0
github.com/kstenerud/go-concise-encoding/cte_encoder.go:311.50,312.39 1 0
github.com/kstenerud/go-concise-encoding/cte_encoder.go:313.2,314.17 2 0
github.com/kstenerud/go-concise-encoding/cte_encoder.go:317.34,320.2 2 0
github.com/kstenerud/go-concise-encoding/cte_encoder.go:322.33,325.2 2 0
github.com/kstenerud/go-concise-encoding/cte_encoder.go:327.36,331.2 3 0
github.com/kstenerud/go-concise-encoding/cte_encoder.go:333.38,336.2 2 0
github.com/kstenerud/go-concise-encoding/cte_encoder.go:338.37,341.2 2 0
github.com/kstenerud/go-concise-encoding/cte_encoder.go:343.33,348.17 3 0
github.com/kstenerud/go-concise-encoding/cte_encoder.go:348.17,350.3 1 0
github.com/kstenerud/go-concise-encoding/cte_encoder.go:350.8,353.3 2 0
github.com/kstenerud/go-concise-encoding/cte_encoder.go:356.36,358.36 2 0
github.com/kstenerud/go-concise-encoding/cte_encoder.go:359.2,359.18 1 0
github.com/kstenerud/go-concise-encoding/cte_encoder.go:362.39,364.39 2 0
github.com/kstenerud/go-concise-encoding/cte_encoder.go:365.2,365.18 1 0
github.com/kstenerud/go-concise-encoding/cte_encoder.go:368.42,369.2 0 0
github.com/kstenerud/go-concise-encoding/cte_encoder.go:373.77,377.2 3 0
github.com/kstenerud/go-concise-encoding/cte_encoder.go:379.40,383.2 3 0
github.com/kstenerud/go-concise-encoding/cte_encoder.go:385.43,387.2 1 0
github.com/kstenerud/go-concise-encoding/cte_encoder.go:389.37,391.2 1 0
github.com/kstenerud/go-concise-encoding/cte_encoder.go:393.37,395.2 1 0
github.com/kstenerud/go-concise-encoding/cte_encoder.go:397.47,400.2 2 0
github.com/kstenerud/go-concise-encoding/cte_encoder.go:402.68,405.2 1 0
github.com/kstenerud/go-concise-encoding/cte_encoder.go:411.62,417.34 6 0
github.com/kstenerud/go-concise-encoding/cte_encoder.go:417.34,421.3 3 0
github.com/kstenerud/go-concise-encoding/cte_encoder.go:424.39,425.2 0 0
github.com/kstenerud/go-concise-encoding/cte_encoder.go:427.40,429.2 1 0
github.com/kstenerud/go-concise-encoding/cte_encoder.go:431.39,432.2 0 0
github.com/kstenerud/go-concise-encoding/cte_encoder.go:434.41,435.2 0 0
github.com/kstenerud/go-concise-encoding/cte_encoder.go:437.40,439.2 1 0
github.com/kstenerud/go-concise-encoding/cte_encoder.go:441.38,443.2 1 0
github.com/kstenerud/go-concise-encoding/cte_encoder.go:484.13,485.49 1 1
github.com/kstenerud/go-concise-encoding/cte_encoder.go:488.2,506.86 19 1
github.com/kstenerud/go-concise-encoding/cte_encoder.go:485.49,487.3 1 1
github.com/kstenerud/go-concise-encoding/cte_encoder.go:511.13,512.49 1 1
github.com/kstenerud/go-concise-encoding/cte_encoder.go:516.2,522.52 6 1
github.com/kstenerud/go-concise-encoding/cte_encoder.go:512.49,514.3 1 1
github.com/kstenerud/go-concise-encoding/cte_encoder.go:522.52,524.3 1 1
github.com/kstenerud/go-concise-encoding/cte_encoder.go:529.13,558.52 17 1
github.com/kstenerud/go-concise-encoding/cte_encoder.go:558.52,560.3 1 1
github.com/kstenerud/go-concise-encoding/cte_encoder.go:568.13,596.52 15 1
github.com/kstenerud/go-concise-encoding/cte_encoder.go:596.52,598.3 1 1
github.com/kstenerud/go-concise-encoding/cte_encoder.go:601.40,604.21 2 0
github.com/kstenerud/go-concise-encoding/cte_encoder.go:608.2,608.54 1 0
github.com/kstenerud/go-concise-encoding/cte_encoder.go:612.2,612.34 1 0
github.com/kstenerud/go-concise-encoding/cte_encoder.go:618.2,618.13 1 0
github.com/kstenerud/go-concise-encoding/cte_encoder.go:604.21,606.3 1 0
github.com/kstenerud/go-concise-encoding/cte_encoder.go:608.54,610.3 1 0
github.com/kstenerud/go-concise-encoding/cte_encoder.go:612.34,613.53 1 0
github.com/kstenerud/go-concise-encoding/cte_encoder.go:613.53,615.4 1 0
github.com/kstenerud/go-concise-encoding/iterator.go:39.98,42.2 2 0
github.com/kstenerud/go-concise-encoding/iterator.go:60.13,62.33 1 1
github.com/kstenerud/go-concise-encoding/iterator.go:71.2,71.36 1 1
github.com/kstenerud/go-concise-encoding/iterator.go:62.33,66.34 4 1
github.com/kstenerud/go-concise-encoding/iterator.go:66.34,68.4 1 1
github.com/kstenerud/go-concise-encoding/iterator.go:71.36,75.3 3 1
github.com/kstenerud/go-concise-encoding/iterator.go:80.71,82.2 1 0
github.com/kstenerud/go-concise-encoding/iterator.go:84.61,85.18 1 1
github.com/kstenerud/go-concise-encoding/iterator.go:86.20,87.27 1 1
github.com/kstenerud/go-concise-encoding/iterator.go:88.22,89.29 1 1
github.com/kstenerud/go-concise-encoding/iterator.go:90.78,91.26 1 1
github.com/kstenerud/go-concise-encoding/iterator.go:92.83,93.27 1 1
github.com/kstenerud/go-concise-encoding/iterator.go:94.40,95.28 1 1
github.com/kstenerud/go-concise-encoding/iterator.go:96.45,97.30 1 0
github.com/kstenerud/go-concise-encoding/iterator.go:98.25,99.33 1 1
github.com/kstenerud/go-concise-encoding/iterator.go:100.21,101.39 1 0
github.com/kstenerud/go-concise-encoding/iterator.go:104.3,104.29 1 0
github.com/kstenerud/go-concise-encoding/iterator.go:105.21,106.39 1 1
github.com/kstenerud/go-concise-encoding/iterator.go:109.3,109.29 1 1
github.com/kstenerud/go-concise-encoding/iterator.go:110.19,111.27 1 1
github.com/kstenerud/go-concise-encoding/iterator.go:112.22,113.12 1 1
github.com/kstenerud/go-concise-encoding/iterator.go:129.19,130.12 1 1
github.com/kstenerud/go-concise-encoding/iterator.go:142.10,143.49 1 0
github.com/kstenerud/go-concise-encoding/iterator.go:101.39,103.4 1 0
github.com/kstenerud/go-concise-encoding/iterator.go:106.39,108.4 1 1
github.com/kstenerud/go-concise-encoding/iterator.go:114.17,115.28 1 1
github.com/kstenerud/go-concise-encoding/iterator.go:116.19,117.30 1 1
github.com/kstenerud/go-concise-encoding/iterator.go:118.16,119.27 1 1
github.com/kstenerud/go-concise-encoding/iterator.go:120.19,121.30 1 1
github.com/kstenerud/go-concise-encoding/iterator.go:122.21,123.32 1 0
github.com/kstenerud/go-concise-encoding/iterator.go:124.28,125.39 1 1
github.com/kstenerud/go-concise-encoding/iterator.go:126.11,127.31 1 0
github.com/kstenerud/go-concise-encoding/iterator.go:131.17,132.28 1 1
github.com/kstenerud/go-concise-encoding/iterator.go:133.20,134.31 1 1
github.com/kstenerud/go-concise-encoding/iterator.go:135.22,136.33 1 0
github.com/kstenerud/go-concise-encoding/iterator.go:137.29,138.40 1 1
github.com/kstenerud/go-concise-encoding/iterator.go:139.11,140.32 1 1
github.com/kstenerud/go-concise-encoding/iterator.go:147.56,148.43 1 1
github.com/kstenerud/go-concise-encoding/iterator.go:152.2,154.34 3 1
github.com/kstenerud/go-concise-encoding/iterator.go:148.43,150.3 1 1
github.com/kstenerud/go-concise-encoding/builder_tl_container.go:46.64,51.2 1 0
github.com/kstenerud/go-concise-encoding/builder_tl_container.go:53.57,55.2 0 0
github.com/kstenerud/go-concise-encoding/builder_tl_container.go:57.106,65.2 2 0
github.com/kstenerud/go-concise-encoding/builder_tl_container.go:67.69,69.2 1 0
github.com/kstenerud/go-concise-encoding/builder_tl_container.go:71.82,73.2 1 0
github.com/kstenerud/go-concise-encoding/builder_tl_container.go:75.82,77.2 1 0
github.com/kstenerud/go-concise-encoding/builder_tl_container.go:79.84,81.2 1 0
github.com/kstenerud/go-concise-encoding/builder_tl_container.go:83.88,85.2 1 0
github.com/kstenerud/go-concise-encoding/builder_tl_container.go:87.86,89.2 1 0
github.com/kstenerud/go-concise-encoding/builder_tl_container.go:91.92,93.2 1 0
github.com/kstenerud/go-concise-encoding/builder_tl_container.go:95.106,97.2 1 0
github.com/kstenerud/go-concise-encoding/builder_tl_container.go:99.101,101.2 1 0
github.com/kstenerud/go-concise-encoding/builder_tl_container.go:103.84,105.2 1 0
github.com/kstenerud/go-concise-encoding/builder_tl_container.go:107.86,109.2 1 0
github.com/kstenerud/go-concise-encoding/builder_tl_container.go:111.81,115.2 2 0
github.com/kstenerud/go-concise-encoding/builder_tl_container.go:117.85,119.2 1 0
github.com/kstenerud/go-concise-encoding/builder_tl_container.go:121.87,123.2 1 0
github.com/kstenerud/go-concise-encoding/builder_tl_container.go:125.50,128.2 2 0
github.com/kstenerud/go-concise-encoding/builder_tl_container.go:130.49,133.2 2 0
github.com/kstenerud/go-concise-encoding/builder_tl_container.go:135.53,137.2 1 0
github.com/kstenerud/go-concise-encoding/builder_tl_container.go:139.58,141.2 1 0
github.com/kstenerud/go-concise-encoding/builder_tl_container.go:143.57,145.2 1 0
github.com/kstenerud/go-concise-encoding/builder_tl_container.go:147.83,149.2 1 0
github.com/kstenerud/go-concise-encoding/builder_tl_container.go:151.65,152.42 1 0
github.com/kstenerud/go-concise-encoding/builder_tl_container.go:155.68,156.45 1 0
github.com/kstenerud/go-concise-encoding/golang_1_12_up.go:29.49,31.2 1 0
github.com/kstenerud/go-concise-encoding/builder_direct.go:40.59,44.2 1 1
github.com/kstenerud/go-concise-encoding/builder_direct.go:46.52,47.2 0 1
github.com/kstenerud/go-concise-encoding/builder_direct.go:49.101,51.2 1 0
github.com/kstenerud/go-concise-encoding/builder_direct.go:53.60,55.2 1 0
github.com/kstenerud/go-concise-encoding/builder_direct.go:57.73,59.2 1 0
github.com/kstenerud/go-concise-encoding/builder_direct.go:61.73,63.2 1 0
github.com/kstenerud/go-concise-encoding/builder_direct.go:65.75,67.2 1 0
github.com/kstenerud/go-concise-encoding/builder_direct.go:69.79,71.2 1 0
github.com/kstenerud/go-concise-encoding/builder_direct.go:73.77,75.2 1 0
github.com/kstenerud/go-concise-encoding/builder_direct.go:77.83,79.2 1 0
github.com/kstenerud/go-concise-encoding/builder_direct.go:81.97,83.2 1 0
github.com/kstenerud/go-concise-encoding/builder_direct.go:85.92,87.2 1 0
github.com/kstenerud/go-concise-encoding/builder_direct.go:89.75,91.2 1 0
github.com/kstenerud/go-concise-encoding/builder_direct.go:93.77,95.2 1 0
github.com/kstenerud/go-concise-encoding/builder_direct.go:97.76,99.2 1 0
github.com/kstenerud/go-concise-encoding/builder_direct.go:101.76,103.2 1 0
github.com/kstenerud/go-concise-encoding/builder_direct.go:105.78,107.2 1 0
github.com/kstenerud/go-concise-encoding/builder_direct.go:109.45,111.2 1 0
github.com/kstenerud/go-concise-encoding/builder_direct.go:113.44,115.2 1 0
github.com/kstenerud/go-concise-encoding/builder_direct.go:117.48,119.2 1 0
github.com/kstenerud/go-concise-encoding/builder_direct.go:121.60,122.46 1 0
github.com/kstenerud/go-concise-encoding/builder_direct.go:125.63,126.49 1 0
github.com/kstenerud/go-concise-encoding/builder_direct.go:129.53,131.2 1 0
github.com/kstenerud/go-concise-encoding/builder_direct.go:133.52,135.2 1 0
github.com/kstenerud/go-concise-encoding/builder_direct.go:137.78,139.2 1 0
github.com/kstenerud/go-concise-encoding/builder_direct.go:148.62,152.2 1 1
github.com/kstenerud/go-concise-encoding/builder_direct.go:154.55,155.2 0 1
github.com/kstenerud/go-concise-encoding/builder_direct.go:157.104,159.2 1 0
github.com/kstenerud/go-concise-encoding/builder_direct.go:161.63,163.2 1 0
github.com/kstenerud/go-concise-encoding/builder_direct.go:165.76,167.2 1 0
github.com/kstenerud/go-concise-encoding/builder_direct.go:169.76,171.2 1 0
github.com/kstenerud/go-concise-encoding/builder_direct.go:173.78,175.2 1 0
github.com/kstenerud/go-concise-encoding/builder_direct.go:177.82,179.2 1 0
github.com/kstenerud/go-concise-encoding/builder_direct.go:181.80,183.2 1 0
github.com/kstenerud/go-concise-encoding/builder_direct.go:185.86,187.2 1 0
github.com/kstenerud/go-concise-encoding/builder_direct.go:189.100,191.2 1 0
github.com/kstenerud/go-concise-encoding/builder_direct.go:193.95,195.2 1 0
github.com/kstenerud/go-concise-encoding/builder_direct.go:197.78,199.2 1 0
github.com/kstenerud/go-concise-encoding/builder_direct.go:201.80,205.2 1 0
github.com/kstenerud/go-concise-encoding/builder_direct.go:207.79,209.2 1 0
github.com/kstenerud/go-concise-encoding/builder_direct.go:211.79,213.2 1 0
github.com/kstenerud/go-concise-encoding/builder_direct.go:215.81,217.2 1 0
github.com/kstenerud/go-concise-encoding/builder_direct.go:219.48,221.2 1 0
github.com/kstenerud/go-concise-encoding/builder_direct.go:223.47,225.2 1 0
github.com/kstenerud/go-concise-encoding/builder_direct.go:227.51,229.2 1 0
github.com/kstenerud/go-concise-encoding/builder_direct.go:231.63,232.49 1 0
github.com/kstenerud/go-concise-encoding/builder_direct.go:235.66,236.52 1 0
github.com/kstenerud/go-concise-encoding/builder_direct.go:239.56,241.2 1 0
github.com/kstenerud/go-concise-encoding/builder_direct.go:243.55,245.2 1 0
github.com/kstenerud/go-concise-encoding/builder_direct.go:247.81,249.2 1 0
github.com/kstenerud/go-concise-encoding/builder_ptr.go:45.56,49.2 1 1
github.com/kstenerud/go-concise-encoding/builder_ptr.go:51.48,53.2 1 1
github.com/kstenerud/go-concise-encoding/builder_ptr.go:55.98,63.2 3 0
github.com/kstenerud/go-concise-encoding/builder_ptr.go:65.49,67.2 1 0
github.com/kstenerud/go-concise-encoding/builder_ptr.go:69.57,71.2 1 0
github.com/kstenerud/go-concise-encoding/builder_ptr.go:73.70,77.2 3 0
github.com/kstenerud/go-concise-encoding/builder_ptr.go:79.70,83.2 3 0
github.com/kstenerud/go-concise-encoding/builder_ptr.go:85.72,89.2 3 0
github.com/kstenerud/go-concise-encoding/builder_ptr.go:91.76,95.2 3 0
github.com/kstenerud/go-concise-encoding/builder_ptr.go:97.74,101.2 3 0
github.com/kstenerud/go-concise-encoding/builder_ptr.go:103.80,107.2 3 0
github.com/kstenerud/go-concise-encoding/builder_ptr.go:109.94,113.2 3 0
github.com/kstenerud/go-concise-encoding/builder_ptr.go:115.89,119.2 3 0
github.com/kstenerud/go-concise-encoding/builder_ptr.go:121.72,125.2 3 0
github.com/kstenerud/go-concise-encoding/builder_ptr.go:127.74,131.2 3 0
github.com/kstenerud/go-concise-encoding/builder_ptr.go:133.73,137.2 3 0
github.com/kstenerud/go-concise-encoding/builder_ptr.go:139.73,143.2 3 0
github.com/kstenerud/go-concise-encoding/builder_ptr.go:145.75,149.2 3 0
github.com/kstenerud/go-concise-encoding/builder_ptr.go:151.42,153.2 1 0
github.com/kstenerud/go-concise-encoding/builder_ptr.go:155.41,157.2 1 0
github.com/kstenerud/go-concise-encoding/builder_ptr.go:159.45,161.2 1 0
github.com/kstenerud/go-concise-encoding/builder_ptr.go:163.57,164.34 1 0
github.com/kstenerud/go-concise-encoding/builder_ptr.go:167.60,168.37 1 0
github.com/kstenerud/go-concise-encoding/builder_ptr.go:171.50,173.2 1 0
github.com/kstenerud/go-concise-encoding/builder_ptr.go:175.49,177.2 1 0
github.com/kstenerud/go-concise-encoding/builder_ptr.go:179.75,181.2 1 0
[...]
github.com/kstenerud/go-concise-encoding/builder_big_dec_float.go:175.107,177.2 1 0
github.com/kstenerud/go-concise-encoding/builder_big_dec_float.go:179.102,181.2 1 0
github.com/kstenerud/go-concise-encoding/builder_big_dec_float.go:183.85,185.2 1 0
github.com/kstenerud/go-concise-encoding/builder_big_dec_float.go:187.87,189.2 1 0
github.com/kstenerud/go-concise-encoding/builder_big_dec_float.go:191.86,193.2 1 0
github.com/kstenerud/go-concise-encoding/builder_big_dec_float.go:195.86,197.2 1 0
github.com/kstenerud/go-concise-encoding/builder_big_dec_float.go:199.88,201.2 1 0
github.com/kstenerud/go-concise-encoding/builder_big_dec_float.go:203.55,205.2 1 0
github.com/kstenerud/go-concise-encoding/builder_big_dec_float.go:207.54,209.2 1 0
github.com/kstenerud/go-concise-encoding/builder_big_dec_float.go:211.58,213.2 1 0
github.com/kstenerud/go-concise-encoding/builder_big_dec_float.go:215.70,216.47 1 0
github.com/kstenerud/go-concise-encoding/builder_big_dec_float.go:219.73,220.50 1 0
github.com/kstenerud/go-concise-encoding/builder_big_dec_float.go:223.64,224.2 0 0
github.com/kstenerud/go-concise-encoding/builder_big_dec_float.go:226.63,227.2 0 0
github.com/kstenerud/go-concise-encoding/builder_big_dec_float.go:229.88,231.2 1 0
github.com/kstenerud/go-concise-encoding/builder_root.go:35.55,37.27 1 0
github.com/kstenerud/go-concise-encoding/builder_root.go:48.2,48.12 1 0
github.com/kstenerud/go-concise-encoding/builder_root.go:37.27,39.19 2 0
github.com/kstenerud/go-concise-encoding/builder_root.go:40.38,41.31 1 0
github.com/kstenerud/go-concise-encoding/builder_root.go:42.11,43.34 1 0
github.com/kstenerud/go-concise-encoding/builder_root.go:43.34,45.5 1 0
github.com/kstenerud/go-concise-encoding/builder_root.go:63.56,73.2 4 0
github.com/kstenerud/go-concise-encoding/builder_root.go:75.67,77.2 1 0
github.com/kstenerud/go-concise-encoding/builder_root.go:83.50,84.2 0 0
github.com/kstenerud/go-concise-encoding/builder_root.go:86.99,88.2 1 0
github.com/kstenerud/go-concise-encoding/builder_root.go:89.58,91.2 1 0
github.com/kstenerud/go-concise-encoding/builder_root.go:92.71,94.2 1 0
github.com/kstenerud/go-concise-encoding/builder_root.go:95.71,97.2 1 0
github.com/kstenerud/go-concise-encoding/builder_root.go:98.73,100.2 1 0
github.com/kstenerud/go-concise-encoding/builder_root.go:101.77,103.2 1 0
github.com/kstenerud/go-concise-encoding/builder_root.go:104.75,106.2 1 0
github.com/kstenerud/go-concise-encoding/builder_root.go:107.81,109.2 1 0
github.com/kstenerud/go-concise-encoding/builder_root.go:110.95,112.2 1 0
github.com/kstenerud/go-concise-encoding/builder_root.go:113.90,115.2 1 0
github.com/kstenerud/go-concise-encoding/builder_root.go:116.73,118.2 1 0
github.com/kstenerud/go-concise-encoding/builder_root.go:119.75,121.2 1 0
github.com/kstenerud/go-concise-encoding/builder_root.go:122.74,124.2 1 0
github.com/kstenerud/go-concise-encoding/builder_root.go:125.74,127.2 1 0
github.com/kstenerud/go-concise-encoding/builder_root.go:128.76,130.2 1 0
github.com/kstenerud/go-concise-encoding/builder_root.go:131.43,133.2 1 0
github.com/kstenerud/go-concise-encoding/builder_root.go:134.42,136.2 1 0
github.com/kstenerud/go-concise-encoding/builder_root.go:137.46,139.2 1 0
github.com/kstenerud/go-concise-encoding/builder_root.go:140.58,141.35 1 0
github.com/kstenerud/go-concise-encoding/builder_root.go:143.61,144.38 1 0
github.com/kstenerud/go-concise-encoding/builder_root.go:146.51,147.103 1 0
github.com/kstenerud/go-concise-encoding/builder_root.go:149.50,150.102 1 0
github.com/kstenerud/go-concise-encoding/builder_root.go:152.76,154.2 1 0
github.com/kstenerud/go-concise-encoding/builder_root.go:160.53,160.54 0 0
github.com/kstenerud/go-concise-encoding/builder_root.go:161.53,161.54 0 0
github.com/kstenerud/go-concise-encoding/builder_root.go:162.34,164.2 1 0
github.com/kstenerud/go-concise-encoding/builder_root.go:165.45,167.2 1 0
github.com/kstenerud/go-concise-encoding/builder_root.go:168.35,170.2 1 0
github.com/kstenerud/go-concise-encoding/builder_root.go:171.36,173.2 1 0
github.com/kstenerud/go-concise-encoding/builder_root.go:174.54,176.2 1 0
github.com/kstenerud/go-concise-encoding/builder_root.go:177.54,180.2 1 0
github.com/kstenerud/go-concise-encoding/builder_root.go:181.45,183.2 1 0
github.com/kstenerud/go-concise-encoding/builder_root.go:184.51,186.2 1 0
github.com/kstenerud/go-concise-encoding/builder_root.go:187.49,189.2 1 0
github.com/kstenerud/go-concise-encoding/builder_root.go:190.55,192.2 1 0
github.com/kstenerud/go-concise-encoding/builder_root.go:193.69,195.2 1 0
github.com/kstenerud/go-concise-encoding/builder_root.go:196.64,198.2 1 0
github.com/kstenerud/go-concise-encoding/builder_root.go:199.48,201.15 2 0
github.com/kstenerud/go-concise-encoding/builder_root.go:204.2,204.39 1 0
github.com/kstenerud/go-concise-encoding/builder_root.go:201.15,203.3 1 0
github.com/kstenerud/go-concise-encoding/builder_root.go:206.54,207.38 1 0
github.com/kstenerud/go-concise-encoding/builder_root.go:209.47,211.2 1 0
github.com/kstenerud/go-concise-encoding/builder_root.go:212.50,214.2 1 0
github.com/kstenerud/go-concise-encoding/builder_root.go:215.66,217.16 2 0
github.com/kstenerud/go-concise-encoding/builder_root.go:220.2,220.36 1 0
github.com/kstenerud/go-concise-encoding/builder_root.go:217.16,218.13 1 0
github.com/kstenerud/go-concise-encoding/builder_root.go:222.48,224.2 1 0
github.com/kstenerud/go-concise-encoding/builder_root.go:225.49,227.2 1 0
github.com/kstenerud/go-concise-encoding/builder_root.go:228.46,230.16 2 0
github.com/kstenerud/go-concise-encoding/builder_root.go:233.2,233.35 1 0
github.com/kstenerud/go-concise-encoding/builder_root.go:230.16,231.13 1 0
github.com/kstenerud/go-concise-encoding/builder_root.go:235.49,236.37 1 0
github.com/kstenerud/go-concise-encoding/builder_root.go:238.41,239.41 1 0
github.com/kstenerud/go-concise-encoding/builder_root.go:241.42,242.42 1 0
github.com/kstenerud/go-concise-encoding/builder_root.go:244.39,245.39 1 0
github.com/kstenerud/go-concise-encoding/builder_root.go:247.42,248.42 1 0
github.com/kstenerud/go-concise-encoding/builder_root.go:250.73,251.41 1 0
github.com/kstenerud/go-concise-encoding/builder_root.go:253.51,254.40 1 0
github.com/kstenerud/go-concise-encoding/builder_root.go:256.35,258.2 1 0
github.com/kstenerud/go-concise-encoding/builder_root.go:259.34,261.2 1 0
github.com/kstenerud/go-concise-encoding/builder_root.go:262.37,263.37 1 0
github.com/kstenerud/go-concise-encoding/builder_root.go:265.39,266.39 1 0
github.com/kstenerud/go-concise-encoding/builder_root.go:268.38,269.38 1 0
github.com/kstenerud/go-concise-encoding/builder_root.go:271.34,273.2 1 0
github.com/kstenerud/go-concise-encoding/builder_root.go:274.37,275.37 1 0
github.com/kstenerud/go-concise-encoding/builder_root.go:277.40,278.40 1 0
github.com/kstenerud/go-concise-encoding/builder_root.go:280.43,282.2 0 0
github.com/kstenerud/go-concise-encoding/builder_uint.go:38.57,42.2 1 1
github.com/kstenerud/go-concise-encoding/builder_uint.go:44.50,45.2 0 1
github.com/kstenerud/go-concise-encoding/builder_uint.go:47.99,49.2 1 0
github.com/kstenerud/go-concise-encoding/builder_uint.go:51.58,53.2 1 0
github.com/kstenerud/go-concise-encoding/builder_uint.go:55.71,57.2 1 0
github.com/kstenerud/go-concise-encoding/builder_uint.go:59.71,61.2 1 0
github.com/kstenerud/go-concise-encoding/builder_uint.go:63.73,65.2 1 0
github.com/kstenerud/go-concise-encoding/builder_uint.go:67.77,69.2 1 0
github.com/kstenerud/go-concise-encoding/builder_uint.go:71.75,73.2 1 0
github.com/kstenerud/go-concise-encoding/builder_uint.go:75.81,77.2 1 0
github.com/kstenerud/go-concise-encoding/builder_uint.go:79.95,81.2 1 0
github.com/kstenerud/go-concise-encoding/builder_uint.go:83.90,85.2 1 0
github.com/kstenerud/go-concise-encoding/builder_uint.go:87.73,89.2 1 0
github.com/kstenerud/go-concise-encoding/builder_uint.go:91.75,93.2 1 0
github.com/kstenerud/go-concise-encoding/builder_uint.go:95.74,97.2 1 0
github.com/kstenerud/go-concise-encoding/builder_uint.go:99.74,101.2 1 0
github.com/kstenerud/go-concise-encoding/builder_uint.go:103.76,105.2 1 0
github.com/kstenerud/go-concise-encoding/builder_uint.go:107.43,109.2 1 0
github.com/kstenerud/go-concise-encoding/builder_uint.go:111.42,113.2 1 0
github.com/kstenerud/go-concise-encoding/builder_uint.go:115.46,117.2 1 0
github.com/kstenerud/go-concise-encoding/builder_uint.go:119.58,120.35 1 0
github.com/kstenerud/go-concise-encoding/builder_uint.go:123.61,124.38 1 0
github.com/kstenerud/go-concise-encoding/builder_uint.go:127.51,129.2 1 0
github.com/kstenerud/go-concise-encoding/builder_uint.go:131.50,133.2 1 0
github.com/kstenerud/go-concise-encoding/builder_uint.go:135.76,137.2 1 0
github.com/kstenerud/go-concise-encoding/conversions.go:14.72,16.2 1 0
github.com/kstenerud/go-concise-encoding/conversions.go:18.59,23.2 3 0
github.com/kstenerud/go-concise-encoding/conversions.go:25.64,26.41 1 0
github.com/kstenerud/go-concise-encoding/conversions.go:30.2,31.16 2 0
github.com/kstenerud/go-concise-encoding/conversions.go:34.2,35.27 2 0
github.com/kstenerud/go-concise-encoding/conversions.go:38.2,38.15 1 0
github.com/kstenerud/go-concise-encoding/conversions.go:26.41,28.3 1 0
github.com/kstenerud/go-concise-encoding/conversions.go:31.16,33.3 1 0
github.com/kstenerud/go-concise-encoding/conversions.go:35.27,37.3 1 0
github.com/kstenerud/go-concise-encoding/conversions.go:43.73,46.2 2 0
github.com/kstenerud/go-concise-encoding/conversions.go:48.59,51.27 2 0
github.com/kstenerud/go-concise-encoding/conversions.go:54.2,54.16 1 0
github.com/kstenerud/go-concise-encoding/conversions.go:51.27,53.3 1 0
github.com/kstenerud/go-concise-encoding/conversions.go:57.57,59.27 2 0
github.com/kstenerud/go-concise-encoding/conversions.go:67.2,67.15 1 0
github.com/kstenerud/go-concise-encoding/conversions.go:59.27,60.13 1 0
github.com/kstenerud/go-concise-encoding/conversions.go:60.13,62.4 1 0
github.com/kstenerud/go-concise-encoding/conversions.go:62.9,62.30 1 0
github.com/kstenerud/go-concise-encoding/conversions.go:62.30,64.4 1 0
github.com/kstenerud/go-concise-encoding/conversions.go:70.48,72.2 1 0
github.com/kstenerud/go-concise-encoding/conversions.go:76.58,80.2 1 0
github.com/kstenerud/go-concise-encoding/conversions.go:82.49,83.22 1 0
github.com/kstenerud/go-concise-encoding/conversions.go:86.2,86.27 1 0
github.com/kstenerud/go-concise-encoding/conversions.go:83.22,85.3 1 0
github.com/kstenerud/go-concise-encoding/conversions.go:89.53,91.2 1 0
github.com/kstenerud/go-concise-encoding/conversions.go:93.51,94.23 1 0
github.com/kstenerud/go-concise-encoding/conversions.go:97.2,97.28 1 0
github.com/kstenerud/go-concise-encoding/conversions.go:94.23,96.3 1 0
github.com/kstenerud/go-concise-encoding/conversions.go:102.65,106.2 3 0
github.com/kstenerud/go-concise-encoding/conversions.go:108.67,111.2 2 0
github.com/kstenerud/go-concise-encoding/conversions.go:113.44,116.2 2 0
github.com/kstenerud/go-concise-encoding/conversions.go:118.42,120.2 1 0
github.com/kstenerud/go-concise-encoding/conversions.go:122.49,123.15 1 0
github.com/kstenerud/go-concise-encoding/conversions.go:126.2,126.27 1 0
github.com/kstenerud/go-concise-encoding/conversions.go:123.15,125.3 1 0
github.com/kstenerud/go-concise-encoding/conversions.go:131.52,132.15 1 0
github.com/kstenerud/go-concise-encoding/conversions.go:138.2,140.3 1 0
github.com/kstenerud/go-concise-encoding/conversions.go:132.15,137.3 1 0
github.com/kstenerud/go-concise-encoding/conversions.go:143.45,144.15 1 0
github.com/kstenerud/go-concise-encoding/conversions.go:147.2,147.27 1 0
github.com/kstenerud/go-concise-encoding/conversions.go:144.15,146.3 1 0
github.com/kstenerud/go-concise-encoding/conversions.go:152.54,156.2 1 0
github.com/kstenerud/go-concise-encoding/conversions.go:158.42,159.33 1 0
github.com/kstenerud/go-concise-encoding/conversions.go:163.2,164.22 2 0
github.com/kstenerud/go-concise-encoding/conversions.go:159.33,161.3 1 0
github.com/kstenerud/go-concise-encoding/conversions.go:167.45,168.32 1 0
github.com/kstenerud/go-concise-encoding/conversions.go:171.2,171.26 1 0
github.com/kstenerud/go-concise-encoding/conversions.go:168.32,170.3 1 0
github.com/kstenerud/go-concise-encoding/conversions.go:176.80,179.2 2 0
github.com/kstenerud/go-concise-encoding/conversions.go:181.51,183.2 1 0
github.com/kstenerud/go-concise-encoding/conversions.go:190.44,192.2 1 0
github.com/kstenerud/go-concise-encoding/conversions.go:194.46,198.2 3 0
github.com/kstenerud/go-concise-encoding/utf8_validator.go:30.36,33.2 2 0
github.com/kstenerud/go-concise-encoding/utf8_validator.go:35.51,38.29 3 1
github.com/kstenerud/go-concise-encoding/utf8_validator.go:47.2,49.57 3 1
github.com/kstenerud/go-concise-encoding/utf8_validator.go:58.2,61.61 4 1
github.com/kstenerud/go-concise-encoding/utf8_validator.go:67.2,70.61 4 1
github.com/kstenerud/go-concise-encoding/utf8_validator.go:76.2,79.61 4 1
github.com/kstenerud/go-concise-encoding/utf8_validator.go:85.2,85.71 1 1
github.com/kstenerud/go-concise-encoding/utf8_validator.go:38.29,39.54 1 0
github.com/kstenerud/go-concise-encoding/utf8_validator.go:42.3,44.9 3 0
github.com/kstenerud/go-concise-encoding/utf8_validator.go:39.54,40.101 1 0
github.com/kstenerud/go-concise-encoding/utf8_validator.go:49.57,52.21 3 1
github.com/kstenerud/go-concise-encoding/utf8_validator.go:55.3,55.9 1 1
github.com/kstenerud/go-concise-encoding/utf8_validator.go:52.21,53.64 1 1
github.com/kstenerud/go-concise-encoding/utf8_validator.go:61.61,65.3 3 0
github.com/kstenerud/go-concise-encoding/utf8_validator.go:70.61,74.3 3 0
github.com/kstenerud/go-concise-encoding/utf8_validator.go:79.61,83.3 3 0
github.com/kstenerud/go-concise-encoding/utf8_validator.go:88.55,90.2 1 1
github.com/kstenerud/go-concise-encoding/utf8_validator.go:92.44,94.2 1 1
github.com/kstenerud/go-concise-encoding/builder_big_int.go:36.39,38.2 1 1
github.com/kstenerud/go-concise-encoding/builder_big_int.go:40.52,41.2 0 1
github.com/kstenerud/go-concise-encoding/builder_big_int.go:43.101,45.2 1 0
github.com/kstenerud/go-concise-encoding/builder_big_int.go:47.60,49.2 1 0
github.com/kstenerud/go-concise-encoding/builder_big_int.go:51.73,53.2 1 0
github.com/kstenerud/go-concise-encoding/builder_big_int.go:55.73,57.2 1 0
github.com/kstenerud/go-concise-encoding/builder_big_int.go:59.75,61.2 1 0
github.com/kstenerud/go-concise-encoding/builder_big_int.go:63.79,65.2 1 0
github.com/kstenerud/go-concise-encoding/builder_big_int.go:67.77,69.2 1 0
github.com/kstenerud/go-concise-encoding/builder_big_int.go:71.83,73.2 1 0
github.com/kstenerud/go-concise-encoding/builder_big_int.go:75.97,77.2 1 0
github.com/kstenerud/go-concise-encoding/builder_big_int.go:79.92,81.2 1 0
github.com/kstenerud/go-concise-encoding/builder_big_int.go:83.75,85.2 1 0
github.com/kstenerud/go-concise-encoding/builder_big_int.go:87.77,89.2 1 0
github.com/kstenerud/go-concise-encoding/builder_big_int.go:91.76,93.2 1 0
github.com/kstenerud/go-concise-encoding/builder_big_int.go:95.76,97.2 1 0
github.com/kstenerud/go-concise-encoding/builder_big_int.go:99.78,101.2 1 0
github.com/kstenerud/go-concise-encoding/builder_big_int.go:103.45,105.2 1 0
github.com/kstenerud/go-concise-encoding/builder_big_int.go:107.44,109.2 1 0
github.com/kstenerud/go-concise-encoding/builder_big_int.go:111.48,113.2 1 0
github.com/kstenerud/go-concise-encoding/builder_big_int.go:115.60,116.37 1 0
github.com/kstenerud/go-concise-encoding/builder_big_int.go:119.63,120.40 1 0
github.com/kstenerud/go-concise-encoding/builder_big_int.go:123.54,124.2 0 0
github.com/kstenerud/go-concise-encoding/builder_big_int.go:126.53,127.2 0 0
github.com/kstenerud/go-concise-encoding/builder_big_int.go:129.78,131.2 1 0
github.com/kstenerud/go-concise-encoding/builder_big_int.go:136.40,138.2 1 1
github.com/kstenerud/go-concise-encoding/builder_big_int.go:140.53,141.2 0 1
github.com/kstenerud/go-concise-encoding/builder_big_int.go:143.102,145.2 1 0
github.com/kstenerud/go-concise-encoding/builder_big_int.go:147.61,149.2 1 0
github.com/kstenerud/go-concise-encoding/builder_big_int.go:151.74,153.2 1 0
github.com/kstenerud/go-concise-encoding/builder_big_int.go:155.74,157.2 1 0
github.com/kstenerud/go-concise-encoding/builder_big_int.go:159.76,161.2 1 0
github.com/kstenerud/go-concise-encoding/builder_big_int.go:163.80,165.2 1 0
github.com/kstenerud/go-concise-encoding/builder_big_int.go:167.78,169.2 1 0
github.com/kstenerud/go-concise-encoding/builder_big_int.go:171.84,173.2 1 0
github.com/kstenerud/go-concise-encoding/builder_big_int.go:175.98,177.2 1 0
github.com/kstenerud/go-concise-encoding/builder_big_int.go:179.93,181.2 1 0
github.com/kstenerud/go-concise-encoding/builder_big_int.go:183.76,185.2 1 0
github.com/kstenerud/go-concise-encoding/builder_big_int.go:187.78,189.2 1 0
github.com/kstenerud/go-concise-encoding/builder_big_int.go:191.77,193.2 1 0
github.com/kstenerud/go-concise-encoding/builder_big_int.go:195.77,197.2 1 0
github.com/kstenerud/go-concise-encoding/builder_big_int.go:199.79,201.2 1 0
github.com/kstenerud/go-concise-encoding/builder_big_int.go:203.46,205.2 1 0
github.com/kstenerud/go-concise-encoding/builder_big_int.go:207.45,209.2 1 0
github.com/kstenerud/go-concise-encoding/builder_big_int.go:211.49,213.2 1 0
github.com/kstenerud/go-concise-encoding/builder_big_int.go:215.61,216.38 1 0
github.com/kstenerud/go-concise-encoding/builder_big_int.go:219.64,220.41 1 0
github.com/kstenerud/go-concise-encoding/builder_big_int.go:223.55,224.2 0 0
github.com/kstenerud/go-concise-encoding/builder_big_int.go:226.54,227.2 0 0
github.com/kstenerud/go-concise-encoding/builder_big_int.go:229.79,231.2 1 0
github.com/kstenerud/go-concise-encoding/builder_map.go:56.56,61.2 1 1
github.com/kstenerud/go-concise-encoding/builder_map.go:63.48,66.2 2 1
github.com/kstenerud/go-concise-encoding/builder_map.go:68.98,79.2 5 0
github.com/kstenerud/go-concise-encoding/builder_map.go:81.33,85.2 3 0
github.com/kstenerud/go-concise-encoding/builder_map.go:87.52,89.2 1 0
github.com/kstenerud/go-concise-encoding/builder_map.go:91.57,92.39 1 0
github.com/kstenerud/go-concise-encoding/builder_map.go:97.2,97.49 1 0
github.com/kstenerud/go-concise-encoding/builder_map.go:92.39,94.3 1 0
github.com/kstenerud/go-concise-encoding/builder_map.go:94.8,96.3 1 0
github.com/kstenerud/go-concise-encoding/builder_map.go:100.49,102.2 1 0
github.com/kstenerud/go-concise-encoding/builder_map.go:104.61,108.2 3 0
github.com/kstenerud/go-concise-encoding/builder_map.go:110.74,114.2 3 0
github.com/kstenerud/go-concise-encoding/builder_map.go:116.74,120.2 3 0
github.com/kstenerud/go-concise-encoding/builder_map.go:122.76,126.2 3 0
github.com/kstenerud/go-concise-encoding/builder_map.go:128.80,132.2 3 0
github.com/kstenerud/go-concise-encoding/builder_map.go:134.78,138.2 3 0
github.com/kstenerud/go-concise-encoding/builder_map.go:140.84,144.2 3 0
github.com/kstenerud/go-concise-encoding/builder_map.go:146.98,150.2 3 0
github.com/kstenerud/go-concise-encoding/builder_map.go:152.93,156.2 3 0
github.com/kstenerud/go-concise-encoding/builder_map.go:158.76,162.2 3 0
github.com/kstenerud/go-concise-encoding/builder_map.go:164.78,168.2 3 0
github.com/kstenerud/go-concise-encoding/builder_map.go:170.77,174.2 3 0
github.com/kstenerud/go-concise-encoding/builder_map.go:176.77,178.2 1 0
github.com/kstenerud/go-concise-encoding/builder_map.go:180.79,182.2 1 0
github.com/kstenerud/go-concise-encoding/builder_map.go:184.42,186.2 1 0
github.com/kstenerud/go-concise-encoding/builder_map.go:188.41,190.2 1 0
github.com/kstenerud/go-concise-encoding/builder_map.go:192.45,196.2 3 0
github.com/kstenerud/go-concise-encoding/builder_map.go:198.57,199.34 1 0
github.com/kstenerud/go-concise-encoding/builder_map.go:202.60,203.37 1 0
github.com/kstenerud/go-concise-encoding/builder_map.go:206.50,208.2 1 0
github.com/kstenerud/go-concise-encoding/builder_map.go:210.49,212.2 1 0
github.com/kstenerud/go-concise-encoding/builder_map.go:214.75,217.2 2 0
